#-----------------------------------------------------------
# Vivado v2018.3 (64-bit)
# SW Build 2405991 on Thu Dec  6 23:38:27 MST 2018
# IP Build 2404404 on Fri Dec  7 01:43:56 MST 2018
# Start of session at: Mon Jun 24 10:28:35 2019
# Process ID: 7628
# Current directory: C:/Users/jxlee/Desktop/工程文件/lab3/lab0303
# Command line: vivado.exe -gui_launcher_event rodinguilauncherevent5948 C:\Users\jxlee\Desktop\工程文件\lab3\lab0303\lab0303.xpr
# Log file: C:/Users/jxlee/Desktop/工程文件/lab3/lab0303/vivado.log
# Journal file: C:/Users/jxlee/Desktop/工程文件/lab3/lab0303\vivado.jou
#-----------------------------------------------------------
start_gui
open_project C:/Users/jxlee/Desktop/工程文件/lab3/lab0303/lab0303.xpr
INFO: [Project 1-313] Project file moved from 'E:/lab0303' since last save.
Scanning sources...
Finished scanning sources
INFO: [IP_Flow 19-234] Refreshing IP repositories
INFO: [IP_Flow 19-1704] No user IP repositories specified
INFO: [IP_Flow 19-2313] Loaded Vivado IP repository 'D:/vivado/Vivado/2018.3/data/ip'.
open_project: Time (s): cpu = 00:00:18 ; elapsed = 00:00:12 . Memory (MB): peak = 671.348 ; gain = 111.051
update_compile_order -fileset sources_1
exit
INFO: [Common 17-206] Exiting Vivado at Mon Jun 24 11:04:14 2019...
