INFO: [VRFC 10-2263] Analyzing Verilog file "D:/cs145/对的/lab0502/lab5.srcs/sources_1/imports/lab0303/lab0303.srcs/sources_1/new/ALU.v" into library xil_defaultlib
INFO: [VRFC 10-311] analyzing module ALU
INFO: [VRFC 10-2263] Analyzing Verilog file "D:/cs145/对的/lab0502/lab5.srcs/sources_1/new/InstMemory.v" into library xil_defaultlib
INFO: [VRFC 10-311] analyzing module InstMemory
INFO: [VRFC 10-2263] Analyzing Verilog file "D:/cs145/对的/lab0502/lab5.srcs/sources_1/imports/lab030201/lab030201.srcs/sources_1/new/ctr.v" into library xil_defaultlib
INFO: [VRFC 10-311] analyzing module ALUctr
INFO: [VRFC 10-2263] Analyzing Verilog file "D:/cs145/对的/lab0502/lab5.srcs/sources_1/imports/lab0402/lab0402.srcs/sources_1/new/dataMemory.v" into library xil_defaultlib
INFO: [VRFC 10-311] analyzing module dataMemory
INFO: [VRFC 10-2263] Analyzing Verilog file "D:/cs145/对的/lab0502/lab5.srcs/sources_1/imports/lab0401/lab0401.srcs/sources_1/new/registers.v" into library xil_defaultlib
INFO: [VRFC 10-311] analyzing module registers
INFO: [VRFC 10-2263] Analyzing Verilog file "D:/cs145/对的/lab0502/lab5.srcs/sources_1/imports/lab0403/lab0403.srcs/sources_1/new/signext.v" into library xil_defaultlib
INFO: [VRFC 10-311] analyzing module signext
INFO: [VRFC 10-2263] Analyzing Verilog file "D:/cs145/对的/lab0502/lab5.srcs/sources_1/new/Top.v" into library xil_defaultlib
INFO: [VRFC 10-311] analyzing module Top
INFO: [VRFC 10-2263] Analyzing Verilog file "D:/cs145/对的/lab0502/lab5.srcs/sources_1/imports/new/Ctr.v" into library xil_defaultlib
INFO: [VRFC 10-311] analyzing module Ctr
INFO: [VRFC 10-2263] Analyzing Verilog file "D:/cs145/对的/lab0502/lab5.srcs/sources_1/new/Mux.v" into library xil_defaultlib
INFO: [VRFC 10-311] analyzing module Mux_5
INFO: [VRFC 10-311] analyzing module Mux_32
INFO: [VRFC 10-2263] Analyzing Verilog file "D:/cs145/对的/lab0502/lab5.srcs/sources_1/new/time_divider.v" into library xil_defaultlib
INFO: [VRFC 10-311] analyzing module time_divider
INFO: [VRFC 10-2263] Analyzing Verilog file "D:/cs145/对的/lab0502/lab5.srcs/sim_1/new/assembly.v" into library xil_defaultlib
INFO: [VRFC 10-311] analyzing module assembly
INFO: [VRFC 10-2263] Analyzing Verilog file "D:/cs145/对的/lab0502/lab5.sim/sim_1/behav/xsim/glbl.v" into library xil_defaultlib
INFO: [VRFC 10-311] analyzing module glbl
