#-----------------------------------------------------------
# Vivado v2018.3 (64-bit)
# SW Build 2405991 on Thu Dec  6 23:38:27 MST 2018
# IP Build 2404404 on Fri Dec  7 01:43:56 MST 2018
# Start of session at: Tue Jun 18 20:55:01 2019
# Process ID: 15696
# Current directory: D:/cs145/lab0502
# Command line: vivado.exe -gui_launcher_event rodinguilauncherevent2216 D:\cs145\lab0502\lab5.xpr
# Log file: D:/cs145/lab0502/vivado.log
# Journal file: D:/cs145/lab0502\vivado.jou
#-----------------------------------------------------------
start_gui
open_project D:/cs145/lab0502/lab5.xpr
Scanning sources...
Finished scanning sources
INFO: [IP_Flow 19-234] Refreshing IP repositories
INFO: [IP_Flow 19-1704] No user IP repositories specified
INFO: [IP_Flow 19-2313] Loaded Vivado IP repository 'D:/vivado/Vivado/2018.3/data/ip'.
open_project: Time (s): cpu = 00:00:19 ; elapsed = 00:00:08 . Memory (MB): peak = 685.418 ; gain = 93.027
launch_runs synth_1 -jobs 4
[Tue Jun 18 20:56:18 2019] Launched synth_1...
Run output will be captured here: D:/cs145/lab0502/lab5.runs/synth_1/runme.log
launch_runs impl_1 -jobs 4
[Tue Jun 18 20:57:11 2019] Launched impl_1...
Run output will be captured here: D:/cs145/lab0502/lab5.runs/impl_1/runme.log
open_run impl_1
INFO: [Netlist 29-17] Analyzing 157 Unisim elements for replacement
INFO: [Netlist 29-28] Unisim Transformation completed in 0 CPU seconds
INFO: [Project 1-479] Netlist was created with Vivado 2018.3
INFO: [Device 21-403] Loading part xc7k325tffg676-2
INFO: [Project 1-570] Preparing netlist for logic optimization
INFO: [Timing 38-478] Restoring timing data from binary archive.
INFO: [Timing 38-479] Binary timing data restore complete.
INFO: [Project 1-856] Restoring constraints from binary archive.
INFO: [Project 1-853] Binary constraint restore complete.
Reading XDEF placement.
Reading placer database...
Reading XDEF routing.
Read XDEF File: Time (s): cpu = 00:00:00 ; elapsed = 00:00:00.246 . Memory (MB): peak = 1669.852 ; gain = 0.000
Restored from archive | CPU: 0.000000 secs | Memory: 0.000000 MB |
Finished XDEF File Restore: Time (s): cpu = 00:00:00 ; elapsed = 00:00:00.246 . Memory (MB): peak = 1669.852 ; gain = 0.000
Netlist sorting complete. Time (s): cpu = 00:00:00 ; elapsed = 00:00:00.001 . Memory (MB): peak = 1669.852 ; gain = 0.000
INFO: [Project 1-111] Unisim Transformation Summary:
  A total of 32 instances were transformed.
  RAM64X1S => RAM64X1S (inverted pins: WCLK) (RAMS64E): 32 instances

open_run: Time (s): cpu = 00:00:35 ; elapsed = 00:00:25 . Memory (MB): peak = 1802.207 ; gain = 1075.418
WARNING: [Timing 38-313] There are no user specified timing constraints. Timing constraints are needed for proper timing analysis.
exit
INFO: [Common 17-206] Exiting Vivado at Tue Jun 18 21:00:27 2019...
