#-----------------------------------------------------------
# Vivado v2018.3 (64-bit)
# SW Build 2405991 on Thu Dec  6 23:38:27 MST 2018
# IP Build 2404404 on Fri Dec  7 01:43:56 MST 2018
# Start of session at: Wed Jun 19 13:22:34 2019
# Process ID: 10064
# Current directory: E:/lab0502
# Command line: vivado.exe -gui_launcher_event rodinguilauncherevent4960 E:\lab0502\lab5.xpr
# Log file: E:/lab0502/vivado.log
# Journal file: E:/lab0502\vivado.jou
#-----------------------------------------------------------
start_gui
open_project E:/lab0502/lab5.xpr
Scanning sources...
Finished scanning sources
INFO: [IP_Flow 19-234] Refreshing IP repositories
INFO: [IP_Flow 19-1704] No user IP repositories specified
INFO: [IP_Flow 19-2313] Loaded Vivado IP repository 'C:/Xilinx_Vivado/Vivado/2018.3/data/ip'.
open_project: Time (s): cpu = 00:00:14 ; elapsed = 00:00:06 . Memory (MB): peak = 758.258 ; gain = 136.199
launch_simulation
INFO: [Vivado 12-5682] Launching behavioral simulation in 'E:/lab0502/lab5.sim/sim_1/behav/xsim'
INFO: [SIM-utils-51] Simulation object is 'sim_1'
INFO: [SIM-utils-54] Inspecting design source files for 'assembly' in fileset 'sim_1'...
INFO: [USF-XSim-97] Finding global include files...
INFO: [USF-XSim-100] Fetching design files from 'sources_1'...(this may take a while)...
INFO: [USF-XSim-101] Fetching design files from 'sim_1'...
INFO: [USF-XSim-2] XSim::Compile design
INFO: [USF-XSim-61] Executing 'COMPILE and ANALYZE' step in 'E:/lab0502/lab5.sim/sim_1/behav/xsim'
"xvlog --incr --relax -prj assembly_vlog.prj"
INFO: [VRFC 10-2263] Analyzing Verilog file "E:/lab0502/lab5.srcs/sources_1/imports/lab0303/lab0303.srcs/sources_1/new/ALU.v" into library xil_defaultlib
INFO: [VRFC 10-311] analyzing module ALU
INFO: [VRFC 10-2263] Analyzing Verilog file "E:/lab0502/lab5.srcs/sources_1/new/InstMemory.v" into library xil_defaultlib
INFO: [VRFC 10-311] analyzing module InstMemory
INFO: [VRFC 10-2263] Analyzing Verilog file "E:/lab0502/lab5.srcs/sources_1/imports/lab030201/lab030201.srcs/sources_1/new/ctr.v" into library xil_defaultlib
INFO: [VRFC 10-311] analyzing module ALUctr
INFO: [VRFC 10-2263] Analyzing Verilog file "E:/lab0502/lab5.srcs/sources_1/imports/lab0402/lab0402.srcs/sources_1/new/dataMemory.v" into library xil_defaultlib
INFO: [VRFC 10-311] analyzing module dataMemory
INFO: [VRFC 10-2263] Analyzing Verilog file "E:/lab0502/lab5.srcs/sources_1/imports/lab0401/lab0401.srcs/sources_1/new/registers.v" into library xil_defaultlib
INFO: [VRFC 10-311] analyzing module registers
INFO: [VRFC 10-2263] Analyzing Verilog file "E:/lab0502/lab5.srcs/sources_1/imports/lab0403/lab0403.srcs/sources_1/new/signext.v" into library xil_defaultlib
INFO: [VRFC 10-311] analyzing module signext
INFO: [VRFC 10-2263] Analyzing Verilog file "E:/lab0502/lab5.srcs/sources_1/new/Top.v" into library xil_defaultlib
INFO: [VRFC 10-311] analyzing module Top
INFO: [VRFC 10-2263] Analyzing Verilog file "E:/lab0502/lab5.srcs/sources_1/imports/new/Ctr.v" into library xil_defaultlib
INFO: [VRFC 10-311] analyzing module Ctr
INFO: [VRFC 10-2263] Analyzing Verilog file "E:/lab0502/lab5.srcs/sources_1/new/Mux.v" into library xil_defaultlib
INFO: [VRFC 10-311] analyzing module Mux_5
INFO: [VRFC 10-311] analyzing module Mux_32
INFO: [VRFC 10-2263] Analyzing Verilog file "E:/lab0502/lab5.srcs/sources_1/new/time_divider.v" into library xil_defaultlib
INFO: [VRFC 10-311] analyzing module time_divider
INFO: [VRFC 10-2263] Analyzing Verilog file "E:/lab0502/lab5.srcs/sim_1/new/assembly.v" into library xil_defaultlib
INFO: [VRFC 10-311] analyzing module assembly
INFO: [USF-XSim-69] 'compile' step finished in '1' seconds
INFO: [USF-XSim-3] XSim::Elaborate design
INFO: [USF-XSim-61] Executing 'ELABORATE' step in 'E:/lab0502/lab5.sim/sim_1/behav/xsim'
Vivado Simulator 2018.3
Copyright 1986-1999, 2001-2018 Xilinx, Inc. All Rights Reserved.
Running: C:/Xilinx_Vivado/Vivado/2018.3/bin/unwrapped/win64.o/xelab.exe -wto 1369337ea1584077a1a2f6ac373e2f54 --incr --debug typical --relax --mt 2 -L xil_defaultlib -L unisims_ver -L unimacro_ver -L secureip --snapshot assembly_behav xil_defaultlib.assembly xil_defaultlib.glbl -log elaborate.log 
Using 2 slave threads.
Starting static elaboration
Completed static elaboration
Starting simulation data flow analysis
Completed simulation data flow analysis
Time Resolution for simulation is 1ps
Compiling module unisims_ver.IBUFDS
Compiling module unisims_ver.IBUFGDS
Compiling module xil_defaultlib.time_divider
Compiling module xil_defaultlib.InstMemory
Compiling module xil_defaultlib.Ctr
Compiling module xil_defaultlib.signext
Compiling module xil_defaultlib.registers
Compiling module xil_defaultlib.ALUctr
Compiling module xil_defaultlib.ALU
Compiling module xil_defaultlib.dataMemory
Compiling module xil_defaultlib.Top
Compiling module xil_defaultlib.assembly
Compiling module xil_defaultlib.glbl
Built simulation snapshot assembly_behav
run_program: Time (s): cpu = 00:00:04 ; elapsed = 00:00:08 . Memory (MB): peak = 813.672 ; gain = 0.000
INFO: [USF-XSim-69] 'elaborate' step finished in '8' seconds
INFO: [USF-XSim-4] XSim::Simulate design
INFO: [USF-XSim-61] Executing 'SIMULATE' step in 'E:/lab0502/lab5.sim/sim_1/behav/xsim'
INFO: [USF-XSim-98] *** Running xsim
   with args "assembly_behav -key {Behavioral:sim_1:Functional:assembly} -tclbatch {assembly.tcl} -view {E:/lab0502/assembly_behav.wcfg} -log {simulate.log}"
INFO: [USF-XSim-8] Loading simulator feature
Vivado Simulator 2018.3
Time resolution is 1 ps
open_wave_config E:/lab0502/assembly_behav.wcfg
source assembly.tcl
# set curr_wave [current_wave_config]
# if { [string length $curr_wave] == 0 } {
#   if { [llength [get_objects]] > 0} {
#     add_wave /
#     set_property needs_save false [current_wave_config]
#   } else {
#      send_msg_id Add_Wave-1 WARNING "No top level signals found. Simulator will start without a wave window. If you want to open a wave window go to 'File->New Waveform Configuration' or type 'create_wave_config' in the TCL console."
#   }
# }
# run 1000ns
INFO: [USF-XSim-96] XSim completed. Design snapshot 'assembly_behav' loaded.
INFO: [USF-XSim-97] XSim simulation ran for 1000ns
launch_simulation: Time (s): cpu = 00:00:15 ; elapsed = 00:00:14 . Memory (MB): peak = 813.672 ; gain = 0.000
run all
run: Time (s): cpu = 00:00:04 ; elapsed = 00:00:05 . Memory (MB): peak = 813.672 ; gain = 0.000
reset_run impl_1 -prev_step 
launch_runs impl_1 -to_step write_bitstream -jobs 4
[Wed Jun 19 13:24:23 2019] Launched impl_1...
Run output will be captured here: E:/lab0502/lab5.runs/impl_1/runme.log
launch_runs: Time (s): cpu = 00:00:02 ; elapsed = 00:00:18 . Memory (MB): peak = 822.371 ; gain = 8.699
reset_run synth_1
WARNING: [Vivado 12-1017] Problems encountered:
1. Failed to delete one or more files in run directory E:/lab0502/lab5.runs/synth_1

launch_runs impl_1 -to_step write_bitstream -jobs 4 -scripts_only
launch_runs: Time (s): cpu = 00:00:01 ; elapsed = 00:00:18 . Memory (MB): peak = 832.871 ; gain = 0.000
open_hw
connect_hw_server
INFO: [Labtools 27-2285] Connecting to hw_server url TCP:localhost:3121
INFO: [Labtools 27-2222] Launching hw_server...
INFO: [Labtools 27-2221] Launch Output:

****** Xilinx hw_server v2018.3
  **** Build date : Dec  7 2018-00:40:27
    ** Copyright 1986-2018 Xilinx, Inc. All Rights Reserved.


open_hw_target
INFO: [Labtoolstcl 44-466] Opening hw_target localhost:3121/xilinx_tcf/Digilent/2102599A1818
current_hw_device [get_hw_devices xc7k325t_0]
refresh_hw_device -update_hw_probes false [lindex [get_hw_devices xc7k325t_0] 0]
INFO: [Labtools 27-1434] Device xc7k325t (JTAG device index = 0) is programmed with a design that has no supported debug core(s) in it.
reset_run synth_1
WARNING: [Vivado 12-1017] Problems encountered:
1. Failed to delete one or more files in run directory E:/lab0502/lab5.runs/synth_1

launch_runs impl_1 -to_step write_bitstream -jobs 4 -scripts_only
launch_runs: Time (s): cpu = 00:00:01 ; elapsed = 00:00:18 . Memory (MB): peak = 1767.461 ; gain = 2.016
close_sim
INFO: [Simtcl 6-16] Simulation closed
close_sim: Time (s): cpu = 00:00:02 ; elapsed = 00:00:08 . Memory (MB): peak = 1806.480 ; gain = 19.855
launch_simulation
INFO: [Vivado 12-5682] Launching behavioral simulation in 'E:/lab0502/lab5.sim/sim_1/behav/xsim'
INFO: [SIM-utils-51] Simulation object is 'sim_1'
INFO: [SIM-utils-54] Inspecting design source files for 'assembly' in fileset 'sim_1'...
INFO: [USF-XSim-97] Finding global include files...
INFO: [USF-XSim-100] Fetching design files from 'sources_1'...(this may take a while)...
INFO: [USF-XSim-101] Fetching design files from 'sim_1'...
INFO: [USF-XSim-2] XSim::Compile design
INFO: [USF-XSim-61] Executing 'COMPILE and ANALYZE' step in 'E:/lab0502/lab5.sim/sim_1/behav/xsim'
"xvlog --incr --relax -prj assembly_vlog.prj"
INFO: [USF-XSim-69] 'compile' step finished in '1' seconds
INFO: [USF-XSim-3] XSim::Elaborate design
INFO: [USF-XSim-61] Executing 'ELABORATE' step in 'E:/lab0502/lab5.sim/sim_1/behav/xsim'
Vivado Simulator 2018.3
Copyright 1986-1999, 2001-2018 Xilinx, Inc. All Rights Reserved.
Running: C:/Xilinx_Vivado/Vivado/2018.3/bin/unwrapped/win64.o/xelab.exe -wto 1369337ea1584077a1a2f6ac373e2f54 --incr --debug typical --relax --mt 2 -L xil_defaultlib -L unisims_ver -L unimacro_ver -L secureip --snapshot assembly_behav xil_defaultlib.assembly xil_defaultlib.glbl -log elaborate.log 
Using 2 slave threads.
Starting static elaboration
Completed static elaboration
INFO: [XSIM 43-4323] No Change in HDL. Linking previously generated obj files to create kernel
INFO: [USF-XSim-69] 'elaborate' step finished in '2' seconds
INFO: [USF-XSim-4] XSim::Simulate design
INFO: [USF-XSim-61] Executing 'SIMULATE' step in 'E:/lab0502/lab5.sim/sim_1/behav/xsim'
INFO: [USF-XSim-98] *** Running xsim
   with args "assembly_behav -key {Behavioral:sim_1:Functional:assembly} -tclbatch {assembly.tcl} -view {E:/lab0502/assembly_behav.wcfg} -log {simulate.log}"
INFO: [USF-XSim-8] Loading simulator feature
Vivado Simulator 2018.3
Time resolution is 1 ps
open_wave_config E:/lab0502/assembly_behav.wcfg
source assembly.tcl
# set curr_wave [current_wave_config]
# if { [string length $curr_wave] == 0 } {
#   if { [llength [get_objects]] > 0} {
#     add_wave /
#     set_property needs_save false [current_wave_config]
#   } else {
#      send_msg_id Add_Wave-1 WARNING "No top level signals found. Simulator will start without a wave window. If you want to open a wave window go to 'File->New Waveform Configuration' or type 'create_wave_config' in the TCL console."
#   }
# }
# run 1000ns
INFO: [USF-XSim-96] XSim completed. Design snapshot 'assembly_behav' loaded.
INFO: [USF-XSim-97] XSim simulation ran for 1000ns
launch_simulation: Time (s): cpu = 00:00:05 ; elapsed = 00:00:06 . Memory (MB): peak = 1806.480 ; gain = 0.000
reset_run synth_1
launch_runs synth_1 -jobs 4 -scripts_only
launch_runs: Time (s): cpu = 00:00:00 ; elapsed = 00:00:18 . Memory (MB): peak = 1988.398 ; gain = 0.000
reset_run synth_1
launch_runs impl_1 -to_step write_bitstream -jobs 4
[Wed Jun 19 13:29:14 2019] Launched synth_1...
Run output will be captured here: E:/lab0502/lab5.runs/synth_1/runme.log
[Wed Jun 19 13:29:14 2019] Launched impl_1...
Run output will be captured here: E:/lab0502/lab5.runs/impl_1/runme.log
launch_runs: Time (s): cpu = 00:00:01 ; elapsed = 00:00:18 . Memory (MB): peak = 1991.152 ; gain = 2.754
set_property PROBES.FILE {} [get_hw_devices xc7k325t_0]
set_property FULL_PROBES.FILE {} [get_hw_devices xc7k325t_0]
set_property PROGRAM.FILE {E:/lab0502/lab5.runs/impl_1/Top.bit} [get_hw_devices xc7k325t_0]
program_hw_devices [get_hw_devices xc7k325t_0]
INFO: [Labtools 27-3164] End of startup status: HIGH
program_hw_devices: Time (s): cpu = 00:00:09 ; elapsed = 00:00:10 . Memory (MB): peak = 1991.789 ; gain = 0.000
refresh_hw_device [lindex [get_hw_devices xc7k325t_0] 0]
INFO: [Labtools 27-1434] Device xc7k325t (JTAG device index = 0) is programmed with a design that has no supported debug core(s) in it.
run all
reset_run synth_1
launch_runs impl_1 -to_step write_bitstream -jobs 4
[Wed Jun 19 13:39:06 2019] Launched synth_1...
Run output will be captured here: E:/lab0502/lab5.runs/synth_1/runme.log
[Wed Jun 19 13:39:06 2019] Launched impl_1...
Run output will be captured here: E:/lab0502/lab5.runs/impl_1/runme.log
launch_runs: Time (s): cpu = 00:00:01 ; elapsed = 00:00:18 . Memory (MB): peak = 1996.480 ; gain = 0.000
reset_run synth_1
launch_runs impl_1 -to_step write_bitstream -jobs 4
[Wed Jun 19 13:44:14 2019] Launched synth_1...
Run output will be captured here: E:/lab0502/lab5.runs/synth_1/runme.log
[Wed Jun 19 13:44:14 2019] Launched impl_1...
Run output will be captured here: E:/lab0502/lab5.runs/impl_1/runme.log
launch_runs: Time (s): cpu = 00:00:00 ; elapsed = 00:00:18 . Memory (MB): peak = 1996.480 ; gain = 0.000
set_property PROBES.FILE {} [get_hw_devices xc7k325t_0]
set_property FULL_PROBES.FILE {} [get_hw_devices xc7k325t_0]
set_property PROGRAM.FILE {E:/lab0502/lab5.runs/impl_1/Top.bit} [get_hw_devices xc7k325t_0]
program_hw_devices [get_hw_devices xc7k325t_0]
INFO: [Labtools 27-3164] End of startup status: HIGH
program_hw_devices: Time (s): cpu = 00:00:10 ; elapsed = 00:00:10 . Memory (MB): peak = 1996.480 ; gain = 0.000
refresh_hw_device [lindex [get_hw_devices xc7k325t_0] 0]
INFO: [Labtools 27-1434] Device xc7k325t (JTAG device index = 0) is programmed with a design that has no supported debug core(s) in it.
ERROR: [Labtoolstcl 44-513] HW Target shutdown. Closing target: localhost:3121/xilinx_tcf/Digilent/2102599A1818
close_sim
INFO: [Simtcl 6-16] Simulation closed
close_sim: Time (s): cpu = 00:00:02 ; elapsed = 00:00:08 . Memory (MB): peak = 1996.480 ; gain = 0.000
exit
INFO: [Common 17-206] Exiting Vivado at Wed Jun 19 14:50:52 2019...
