#-----------------------------------------------------------
# Vivado v2018.3 (64-bit)
# SW Build 2405991 on Thu Dec  6 23:38:27 MST 2018
# IP Build 2404404 on Fri Dec  7 01:43:56 MST 2018
# Start of session at: Mon Jun 24 14:48:05 2019
# Process ID: 11972
# Current directory: C:/Users/jxlee/Desktop/工程文件/lab4/lab0401
# Command line: vivado.exe -gui_launcher_event rodinguilauncherevent3268 C:\Users\jxlee\Desktop\工程文件\lab4\lab0401\lab0401.xpr
# Log file: C:/Users/jxlee/Desktop/工程文件/lab4/lab0401/vivado.log
# Journal file: C:/Users/jxlee/Desktop/工程文件/lab4/lab0401\vivado.jou
#-----------------------------------------------------------
start_gui
open_project C:/Users/jxlee/Desktop/工程文件/lab4/lab0401/lab0401.xpr
INFO: [Project 1-313] Project file moved from 'E:/lab0401' since last save.
Scanning sources...
Finished scanning sources
INFO: [IP_Flow 19-234] Refreshing IP repositories
INFO: [IP_Flow 19-1704] No user IP repositories specified
INFO: [IP_Flow 19-2313] Loaded Vivado IP repository 'D:/vivado/Vivado/2018.3/data/ip'.
open_project: Time (s): cpu = 00:00:14 ; elapsed = 00:00:07 . Memory (MB): peak = 674.809 ; gain = 85.047
update_compile_order -fileset sources_1
exit
INFO: [Common 17-206] Exiting Vivado at Mon Jun 24 15:09:08 2019...
