#-----------------------------------------------------------
# Vivado v2018.3 (64-bit)
# SW Build 2405991 on Thu Dec  6 23:38:27 MST 2018
# IP Build 2404404 on Fri Dec  7 01:43:56 MST 2018
# Start of session at: Mon Jun 24 23:57:30 2019
# Process ID: 10820
# Current directory: C:/Users/jxlee/Desktop/工程文件/lab0601
# Command line: vivado.exe -gui_launcher_event rodinguilauncherevent4188 C:\Users\jxlee\Desktop\工程文件\lab0601\lab5.xpr
# Log file: C:/Users/jxlee/Desktop/工程文件/lab0601/vivado.log
# Journal file: C:/Users/jxlee/Desktop/工程文件/lab0601\vivado.jou
#-----------------------------------------------------------
start_gui
open_project C:/Users/jxlee/Desktop/工程文件/lab0601/lab5.xpr
INFO: [Project 1-313] Project file moved from 'D:/cs145/对的/lab0601' since last save.
Scanning sources...
Finished scanning sources
INFO: [IP_Flow 19-234] Refreshing IP repositories
INFO: [IP_Flow 19-1704] No user IP repositories specified
INFO: [IP_Flow 19-2313] Loaded Vivado IP repository 'D:/vivado/Vivado/2018.3/data/ip'.
open_project: Time (s): cpu = 00:00:17 ; elapsed = 00:00:10 . Memory (MB): peak = 705.875 ; gain = 144.102
exit
INFO: [Common 17-206] Exiting Vivado at Tue Jun 25 00:16:06 2019...
