#-----------------------------------------------------------
# Vivado v2018.3 (64-bit)
# SW Build 2405991 on Thu Dec  6 23:38:27 MST 2018
# IP Build 2404404 on Fri Dec  7 01:43:56 MST 2018
# Start of session at: Mon Jun 24 09:54:05 2019
# Process ID: 2772
# Current directory: D:/cs145/对的/lab0601
# Command line: vivado.exe -gui_launcher_event rodinguilauncherevent11048 D:\cs145\对的\lab0601\lab5.xpr
# Log file: D:/cs145/对的/lab0601/vivado.log
# Journal file: D:/cs145/对的/lab0601\vivado.jou
#-----------------------------------------------------------
start_gui
open_project D:/cs145/对的/lab0601/lab5.xpr
Scanning sources...
Finished scanning sources
INFO: [IP_Flow 19-234] Refreshing IP repositories
INFO: [IP_Flow 19-1704] No user IP repositories specified
INFO: [IP_Flow 19-2313] Loaded Vivado IP repository 'D:/vivado/Vivado/2018.3/data/ip'.
open_project: Time (s): cpu = 00:00:18 ; elapsed = 00:00:09 . Memory (MB): peak = 719.211 ; gain = 131.980
launch_simulation
INFO: [Vivado 12-5682] Launching behavioral simulation in 'D:/cs145/对的/lab0601/lab5.sim/sim_1/behav/xsim'
INFO: [SIM-utils-51] Simulation object is 'sim_1'
INFO: [SIM-utils-54] Inspecting design source files for 'assembly' in fileset 'sim_1'...
INFO: [USF-XSim-97] Finding global include files...
INFO: [USF-XSim-100] Fetching design files from 'sources_1'...(this may take a while)...
INFO: [USF-XSim-101] Fetching design files from 'sim_1'...
INFO: [USF-XSim-2] XSim::Compile design
INFO: [USF-XSim-61] Executing 'COMPILE and ANALYZE' step in 'D:/cs145/对的/lab0601/lab5.sim/sim_1/behav/xsim'
"xvlog --incr --relax -prj assembly_vlog.prj"
INFO: [USF-XSim-69] 'compile' step finished in '1' seconds
INFO: [USF-XSim-3] XSim::Elaborate design
INFO: [USF-XSim-61] Executing 'ELABORATE' step in 'D:/cs145/对的/lab0601/lab5.sim/sim_1/behav/xsim'
Vivado Simulator 2018.3
Copyright 1986-1999, 2001-2018 Xilinx, Inc. All Rights Reserved.
Running: D:/vivado/Vivado/2018.3/bin/unwrapped/win64.o/xelab.exe -wto 1369337ea1584077a1a2f6ac373e2f54 --incr --debug typical --relax --mt 2 -L xil_defaultlib -L unisims_ver -L unimacro_ver -L secureip --snapshot assembly_behav xil_defaultlib.assembly xil_defaultlib.glbl -log elaborate.log 
Using 2 slave threads.
Starting static elaboration
WARNING: [VRFC 10-3091] actual bit length 6 differs from formal bit length 5 for port 'writeReg' [D:/cs145/对的/lab0601/lab5.srcs/sources_1/new/Top.v:119]
Completed static elaboration
INFO: [XSIM 43-4323] No Change in HDL. Linking previously generated obj files to create kernel
INFO: [USF-XSim-69] 'elaborate' step finished in '2' seconds
INFO: [USF-XSim-4] XSim::Simulate design
INFO: [USF-XSim-61] Executing 'SIMULATE' step in 'D:/cs145/对的/lab0601/lab5.sim/sim_1/behav/xsim'
INFO: [USF-XSim-98] *** Running xsim
   with args "assembly_behav -key {Behavioral:sim_1:Functional:assembly} -tclbatch {assembly.tcl} -view {D:/cs145/对的/lab0601/assembly_behav.wcfg} -log {simulate.log}"
INFO: [USF-XSim-8] Loading simulator feature
Vivado Simulator 2018.3
Time resolution is 1 ps
open_wave_config D:/cs145/对的/lab0601/assembly_behav.wcfg
WARNING: Simulation object /assembly/u/PC_WRITE was not found in the design.
source assembly.tcl
# set curr_wave [current_wave_config]
# if { [string length $curr_wave] == 0 } {
#   if { [llength [get_objects]] > 0} {
#     add_wave /
#     set_property needs_save false [current_wave_config]
#   } else {
#      send_msg_id Add_Wave-1 WARNING "No top level signals found. Simulator will start without a wave window. If you want to open a wave window go to 'File->New Waveform Configuration' or type 'create_wave_config' in the TCL console."
#   }
# }
# run 1000ns
WARNING: File E:/mem_inst.txt referenced on D:/cs145/对的/lab0601/lab5.srcs/sources_1/new/InstMemory.v at line 31 cannot be opened for reading. Please ensure that this file is available in the current working directory.
WARNING: File E:/mem_data.txt referenced on D:/cs145/对的/lab0601/lab5.srcs/sources_1/imports/lab0402/lab0402.srcs/sources_1/new/dataMemory.v at line 36 cannot be opened for reading. Please ensure that this file is available in the current working directory.
INFO: [USF-XSim-96] XSim completed. Design snapshot 'assembly_behav' loaded.
INFO: [USF-XSim-97] XSim simulation ran for 1000ns
launch_simulation: Time (s): cpu = 00:00:12 ; elapsed = 00:00:08 . Memory (MB): peak = 757.566 ; gain = 30.305
close_sim
INFO: [Simtcl 6-16] Simulation closed
close_sim: Time (s): cpu = 00:00:02 ; elapsed = 00:00:08 . Memory (MB): peak = 782.023 ; gain = 0.000
launch_simulation
INFO: [Vivado 12-5682] Launching behavioral simulation in 'D:/cs145/对的/lab0601/lab5.sim/sim_1/behav/xsim'
INFO: [SIM-utils-51] Simulation object is 'sim_1'
INFO: [SIM-utils-54] Inspecting design source files for 'assembly' in fileset 'sim_1'...
INFO: [USF-XSim-97] Finding global include files...
INFO: [USF-XSim-100] Fetching design files from 'sources_1'...(this may take a while)...
INFO: [USF-XSim-101] Fetching design files from 'sim_1'...
INFO: [USF-XSim-2] XSim::Compile design
INFO: [USF-XSim-61] Executing 'COMPILE and ANALYZE' step in 'D:/cs145/对的/lab0601/lab5.sim/sim_1/behav/xsim'
"xvlog --incr --relax -prj assembly_vlog.prj"
INFO: [VRFC 10-2263] Analyzing Verilog file "D:/cs145/对的/lab0601/lab5.srcs/sources_1/imports/lab0303/lab0303.srcs/sources_1/new/ALU.v" into library xil_defaultlib
INFO: [VRFC 10-311] analyzing module ALU
INFO: [VRFC 10-2263] Analyzing Verilog file "D:/cs145/对的/lab0601/lab5.srcs/sources_1/new/InstMemory.v" into library xil_defaultlib
INFO: [VRFC 10-311] analyzing module InstMemory
INFO: [VRFC 10-2263] Analyzing Verilog file "D:/cs145/对的/lab0601/lab5.srcs/sources_1/imports/lab030201/lab030201.srcs/sources_1/new/ctr.v" into library xil_defaultlib
INFO: [VRFC 10-311] analyzing module ALUctr
INFO: [VRFC 10-2263] Analyzing Verilog file "D:/cs145/对的/lab0601/lab5.srcs/sources_1/imports/lab0402/lab0402.srcs/sources_1/new/dataMemory.v" into library xil_defaultlib
INFO: [VRFC 10-311] analyzing module dataMemory
INFO: [VRFC 10-2263] Analyzing Verilog file "D:/cs145/对的/lab0601/lab5.srcs/sources_1/imports/lab0401/lab0401.srcs/sources_1/new/registers.v" into library xil_defaultlib
INFO: [VRFC 10-311] analyzing module registers
INFO: [VRFC 10-2263] Analyzing Verilog file "D:/cs145/对的/lab0601/lab5.srcs/sources_1/imports/lab0403/lab0403.srcs/sources_1/new/signext.v" into library xil_defaultlib
INFO: [VRFC 10-311] analyzing module signext
INFO: [VRFC 10-2263] Analyzing Verilog file "D:/cs145/对的/lab0601/lab5.srcs/sources_1/new/Top.v" into library xil_defaultlib
INFO: [VRFC 10-311] analyzing module Top
INFO: [VRFC 10-2263] Analyzing Verilog file "D:/cs145/对的/lab0601/lab5.srcs/sources_1/imports/new/Ctr.v" into library xil_defaultlib
INFO: [VRFC 10-311] analyzing module Ctr
INFO: [VRFC 10-2263] Analyzing Verilog file "D:/cs145/对的/lab0601/lab5.srcs/sources_1/new/Mux.v" into library xil_defaultlib
INFO: [VRFC 10-311] analyzing module Mux_5
INFO: [VRFC 10-311] analyzing module Mux_32
INFO: [VRFC 10-2263] Analyzing Verilog file "D:/cs145/对的/lab0601/lab5.srcs/sim_1/new/assembly.v" into library xil_defaultlib
INFO: [VRFC 10-311] analyzing module assembly
INFO: [USF-XSim-69] 'compile' step finished in '2' seconds
INFO: [USF-XSim-3] XSim::Elaborate design
INFO: [USF-XSim-61] Executing 'ELABORATE' step in 'D:/cs145/对的/lab0601/lab5.sim/sim_1/behav/xsim'
Vivado Simulator 2018.3
Copyright 1986-1999, 2001-2018 Xilinx, Inc. All Rights Reserved.
Running: D:/vivado/Vivado/2018.3/bin/unwrapped/win64.o/xelab.exe -wto 1369337ea1584077a1a2f6ac373e2f54 --incr --debug typical --relax --mt 2 -L xil_defaultlib -L unisims_ver -L unimacro_ver -L secureip --snapshot assembly_behav xil_defaultlib.assembly xil_defaultlib.glbl -log elaborate.log 
Using 2 slave threads.
Starting static elaboration
WARNING: [VRFC 10-3091] actual bit length 6 differs from formal bit length 5 for port 'writeReg' [D:/cs145/对的/lab0601/lab5.srcs/sources_1/new/Top.v:119]
Completed static elaboration
Starting simulation data flow analysis
Completed simulation data flow analysis
Time Resolution for simulation is 1ps
Compiling module xil_defaultlib.InstMemory
Compiling module xil_defaultlib.Ctr
Compiling module xil_defaultlib.signext
Compiling module xil_defaultlib.registers
Compiling module xil_defaultlib.ALUctr
Compiling module xil_defaultlib.ALU
Compiling module xil_defaultlib.dataMemory
Compiling module xil_defaultlib.Top
Compiling module xil_defaultlib.assembly
Compiling module xil_defaultlib.glbl
Built simulation snapshot assembly_behav
INFO: [USF-XSim-69] 'elaborate' step finished in '2' seconds
INFO: [USF-XSim-4] XSim::Simulate design
INFO: [USF-XSim-61] Executing 'SIMULATE' step in 'D:/cs145/对的/lab0601/lab5.sim/sim_1/behav/xsim'
INFO: [USF-XSim-98] *** Running xsim
   with args "assembly_behav -key {Behavioral:sim_1:Functional:assembly} -tclbatch {assembly.tcl} -view {D:/cs145/对的/lab0601/assembly_behav.wcfg} -log {simulate.log}"
INFO: [USF-XSim-8] Loading simulator feature
Vivado Simulator 2018.3
Time resolution is 1 ps
open_wave_config D:/cs145/对的/lab0601/assembly_behav.wcfg
WARNING: Simulation object /assembly/u/PC_WRITE was not found in the design.
source assembly.tcl
# set curr_wave [current_wave_config]
# if { [string length $curr_wave] == 0 } {
#   if { [llength [get_objects]] > 0} {
#     add_wave /
#     set_property needs_save false [current_wave_config]
#   } else {
#      send_msg_id Add_Wave-1 WARNING "No top level signals found. Simulator will start without a wave window. If you want to open a wave window go to 'File->New Waveform Configuration' or type 'create_wave_config' in the TCL console."
#   }
# }
# run 1000ns
WARNING: File E:/mem_inst.txt referenced on D:/cs145/对的/lab0601/lab5.srcs/sources_1/new/InstMemory.v at line 31 cannot be opened for reading. Please ensure that this file is available in the current working directory.
INFO: [USF-XSim-96] XSim completed. Design snapshot 'assembly_behav' loaded.
INFO: [USF-XSim-97] XSim simulation ran for 1000ns
launch_simulation: Time (s): cpu = 00:00:06 ; elapsed = 00:00:08 . Memory (MB): peak = 784.785 ; gain = 2.762
create_project project_1 C:/Users/jxlee/Desktop/project_1 -part xc7k325tffg676-2
INFO: [IP_Flow 19-234] Refreshing IP repositories
INFO: [IP_Flow 19-1704] No user IP repositories specified
INFO: [IP_Flow 19-2313] Loaded Vivado IP repository 'D:/vivado/Vivado/2018.3/data/ip'.
create_project: Time (s): cpu = 00:00:11 ; elapsed = 00:00:07 . Memory (MB): peak = 814.035 ; gain = 11.156
add_files -norecurse E:/计算机系统结构实验/lab03/lab03.srcs/sources_1/new/Ctr.v
update_compile_order -fileset sources_1
set_property SOURCE_SET sources_1 [get_filesets sim_1]
add_files -fileset sim_1 -norecurse E:/计算机系统结构实验/lab03/lab03.srcs/sim_1/new/Ctr_tb.v
update_compile_order -fileset sim_1
launch_simulation
INFO: [Vivado 12-5682] Launching behavioral simulation in 'C:/Users/jxlee/Desktop/project_1/project_1.sim/sim_1/behav/xsim'
INFO: [SIM-utils-51] Simulation object is 'sim_1'
INFO: [SIM-utils-54] Inspecting design source files for 'Ctr_tb' in fileset 'sim_1'...
INFO: [USF-XSim-97] Finding global include files...
INFO: [USF-XSim-98] Fetching design files from 'sim_1'...
INFO: [USF-XSim-2] XSim::Compile design
INFO: [USF-XSim-61] Executing 'COMPILE and ANALYZE' step in 'C:/Users/jxlee/Desktop/project_1/project_1.sim/sim_1/behav/xsim'
"xvlog --incr --relax -prj Ctr_tb_vlog.prj"
INFO: [VRFC 10-2263] Analyzing Verilog file "E:/计算机系统结构实验/lab03/lab03.srcs/sources_1/new/Ctr.v" into library xil_defaultlib
INFO: [VRFC 10-311] analyzing module Ctr
INFO: [VRFC 10-2263] Analyzing Verilog file "E:/计算机系统结构实验/lab03/lab03.srcs/sim_1/new/Ctr_tb.v" into library xil_defaultlib
INFO: [VRFC 10-311] analyzing module Ctr_tb
INFO: [VRFC 10-2263] Analyzing Verilog file "C:/Users/jxlee/Desktop/project_1/project_1.sim/sim_1/behav/xsim/glbl.v" into library xil_defaultlib
INFO: [VRFC 10-311] analyzing module glbl
INFO: [USF-XSim-69] 'compile' step finished in '1' seconds
INFO: [USF-XSim-3] XSim::Elaborate design
INFO: [USF-XSim-61] Executing 'ELABORATE' step in 'C:/Users/jxlee/Desktop/project_1/project_1.sim/sim_1/behav/xsim'
Vivado Simulator 2018.3
Copyright 1986-1999, 2001-2018 Xilinx, Inc. All Rights Reserved.
Running: D:/vivado/Vivado/2018.3/bin/unwrapped/win64.o/xelab.exe -wto ad50d660b2724bc39838c51de4b78974 --incr --debug typical --relax --mt 2 -L xil_defaultlib -L unisims_ver -L unimacro_ver -L secureip --snapshot Ctr_tb_behav xil_defaultlib.Ctr_tb xil_defaultlib.glbl -log elaborate.log 
Using 2 slave threads.
Starting static elaboration
Completed static elaboration
Starting simulation data flow analysis
Completed simulation data flow analysis
Time Resolution for simulation is 1ps
Compiling module xil_defaultlib.Ctr
Compiling module xil_defaultlib.Ctr_tb
Compiling module xil_defaultlib.glbl
Built simulation snapshot Ctr_tb_behav

****** Webtalk v2018.3 (64-bit)
  **** SW Build 2405991 on Thu Dec  6 23:38:27 MST 2018
  **** IP Build 2404404 on Fri Dec  7 01:43:56 MST 2018
    ** Copyright 1986-2018 Xilinx, Inc. All Rights Reserved.

source C:/Users/jxlee/Desktop/project_1/project_1.sim/sim_1/behav/xsim/xsim.dir/Ctr_tb_behav/webtalk/xsim_webtalk.tcl -notrace
INFO: [Common 17-186] 'C:/Users/jxlee/Desktop/project_1/project_1.sim/sim_1/behav/xsim/xsim.dir/Ctr_tb_behav/webtalk/usage_statistics_ext_xsim.xml' has been successfully sent to Xilinx on Mon Jun 24 10:04:51 2019. For additional details about this file, please refer to the WebTalk help file at D:/vivado/Vivado/2018.3/doc/webtalk_introduction.html.
INFO: [Common 17-206] Exiting Webtalk at Mon Jun 24 10:04:51 2019...
run_program: Time (s): cpu = 00:00:01 ; elapsed = 00:00:07 . Memory (MB): peak = 822.980 ; gain = 0.000
INFO: [USF-XSim-69] 'elaborate' step finished in '7' seconds
INFO: [USF-XSim-4] XSim::Simulate design
INFO: [USF-XSim-61] Executing 'SIMULATE' step in 'C:/Users/jxlee/Desktop/project_1/project_1.sim/sim_1/behav/xsim'
INFO: [USF-XSim-98] *** Running xsim
   with args "Ctr_tb_behav -key {Behavioral:sim_1:Functional:Ctr_tb} -tclbatch {Ctr_tb.tcl} -log {simulate.log}"
INFO: [USF-XSim-8] Loading simulator feature
Vivado Simulator 2018.3
Time resolution is 1 ps
source Ctr_tb.tcl
# set curr_wave [current_wave_config]
# if { [string length $curr_wave] == 0 } {
#   if { [llength [get_objects]] > 0} {
#     add_wave /
#     set_property needs_save false [current_wave_config]
#   } else {
#      send_msg_id Add_Wave-1 WARNING "No top level signals found. Simulator will start without a wave window. If you want to open a wave window go to 'File->New Waveform Configuration' or type 'create_wave_config' in the TCL console."
#   }
# }
# run 1000ns
INFO: [USF-XSim-96] XSim completed. Design snapshot 'Ctr_tb_behav' loaded.
INFO: [USF-XSim-97] XSim simulation ran for 1000ns
launch_simulation: Time (s): cpu = 00:00:03 ; elapsed = 00:00:11 . Memory (MB): peak = 822.980 ; gain = 0.000
update_compile_order -fileset sim_1
save_wave_config {C:/Users/jxlee/Desktop/project_1/Ctr_tb_behav.wcfg}
add_files -fileset sim_1 -norecurse C:/Users/jxlee/Desktop/project_1/Ctr_tb_behav.wcfg
set_property xsim.view C:/Users/jxlee/Desktop/project_1/Ctr_tb_behav.wcfg [get_filesets sim_1]
close_sim
INFO: [Simtcl 6-16] Simulation closed
close_sim: Time (s): cpu = 00:00:01 ; elapsed = 00:00:06 . Memory (MB): peak = 838.316 ; gain = 0.000
close_project
close_sim
INFO: [Simtcl 6-16] Simulation closed
launch_simulation
INFO: [Vivado 12-5682] Launching behavioral simulation in 'D:/cs145/对的/lab0601/lab5.sim/sim_1/behav/xsim'
INFO: [SIM-utils-51] Simulation object is 'sim_1'
INFO: [SIM-utils-54] Inspecting design source files for 'assembly' in fileset 'sim_1'...
INFO: [USF-XSim-97] Finding global include files...
INFO: [USF-XSim-100] Fetching design files from 'sources_1'...(this may take a while)...
INFO: [USF-XSim-101] Fetching design files from 'sim_1'...
INFO: [USF-XSim-2] XSim::Compile design
INFO: [USF-XSim-61] Executing 'COMPILE and ANALYZE' step in 'D:/cs145/对的/lab0601/lab5.sim/sim_1/behav/xsim'
"xvlog --incr --relax -prj assembly_vlog.prj"
INFO: [USF-XSim-69] 'compile' step finished in '1' seconds
INFO: [USF-XSim-3] XSim::Elaborate design
INFO: [USF-XSim-61] Executing 'ELABORATE' step in 'D:/cs145/对的/lab0601/lab5.sim/sim_1/behav/xsim'
Vivado Simulator 2018.3
Copyright 1986-1999, 2001-2018 Xilinx, Inc. All Rights Reserved.
Running: D:/vivado/Vivado/2018.3/bin/unwrapped/win64.o/xelab.exe -wto 1369337ea1584077a1a2f6ac373e2f54 --incr --debug typical --relax --mt 2 -L xil_defaultlib -L unisims_ver -L unimacro_ver -L secureip --snapshot assembly_behav xil_defaultlib.assembly xil_defaultlib.glbl -log elaborate.log 
Using 2 slave threads.
Starting static elaboration
WARNING: [VRFC 10-3091] actual bit length 6 differs from formal bit length 5 for port 'writeReg' [D:/cs145/对的/lab0601/lab5.srcs/sources_1/new/Top.v:119]
Completed static elaboration
INFO: [XSIM 43-4323] No Change in HDL. Linking previously generated obj files to create kernel
INFO: [USF-XSim-69] 'elaborate' step finished in '2' seconds
INFO: [USF-XSim-4] XSim::Simulate design
INFO: [USF-XSim-61] Executing 'SIMULATE' step in 'D:/cs145/对的/lab0601/lab5.sim/sim_1/behav/xsim'
INFO: [USF-XSim-98] *** Running xsim
   with args "assembly_behav -key {Behavioral:sim_1:Functional:assembly} -tclbatch {assembly.tcl} -view {D:/cs145/对的/lab0601/assembly_behav.wcfg} -log {simulate.log}"
INFO: [USF-XSim-8] Loading simulator feature
Vivado Simulator 2018.3
Time resolution is 1 ps
open_wave_config D:/cs145/对的/lab0601/assembly_behav.wcfg
WARNING: Simulation object /assembly/u/PC_WRITE was not found in the design.
source assembly.tcl
# set curr_wave [current_wave_config]
# if { [string length $curr_wave] == 0 } {
#   if { [llength [get_objects]] > 0} {
#     add_wave /
#     set_property needs_save false [current_wave_config]
#   } else {
#      send_msg_id Add_Wave-1 WARNING "No top level signals found. Simulator will start without a wave window. If you want to open a wave window go to 'File->New Waveform Configuration' or type 'create_wave_config' in the TCL console."
#   }
# }
# run 1000ns
WARNING: File E:/mem_inst.txt referenced on D:/cs145/对的/lab0601/lab5.srcs/sources_1/new/InstMemory.v at line 31 cannot be opened for reading. Please ensure that this file is available in the current working directory.
INFO: [USF-XSim-96] XSim completed. Design snapshot 'assembly_behav' loaded.
INFO: [USF-XSim-97] XSim simulation ran for 1000ns
launch_simulation: Time (s): cpu = 00:00:03 ; elapsed = 00:00:05 . Memory (MB): peak = 838.316 ; gain = 0.000
close_sim
INFO: [Simtcl 6-16] Simulation closed
launch_simulation
INFO: [Vivado 12-5682] Launching behavioral simulation in 'D:/cs145/对的/lab0601/lab5.sim/sim_1/behav/xsim'
INFO: [SIM-utils-51] Simulation object is 'sim_1'
INFO: [SIM-utils-54] Inspecting design source files for 'assembly' in fileset 'sim_1'...
INFO: [USF-XSim-97] Finding global include files...
INFO: [USF-XSim-100] Fetching design files from 'sources_1'...(this may take a while)...
INFO: [USF-XSim-101] Fetching design files from 'sim_1'...
INFO: [USF-XSim-2] XSim::Compile design
INFO: [USF-XSim-61] Executing 'COMPILE and ANALYZE' step in 'D:/cs145/对的/lab0601/lab5.sim/sim_1/behav/xsim'
"xvlog --incr --relax -prj assembly_vlog.prj"
INFO: [VRFC 10-2263] Analyzing Verilog file "D:/cs145/对的/lab0601/lab5.srcs/sources_1/imports/lab0303/lab0303.srcs/sources_1/new/ALU.v" into library xil_defaultlib
INFO: [VRFC 10-311] analyzing module ALU
INFO: [VRFC 10-2263] Analyzing Verilog file "D:/cs145/对的/lab0601/lab5.srcs/sources_1/new/InstMemory.v" into library xil_defaultlib
INFO: [VRFC 10-311] analyzing module InstMemory
INFO: [VRFC 10-2263] Analyzing Verilog file "D:/cs145/对的/lab0601/lab5.srcs/sources_1/imports/lab030201/lab030201.srcs/sources_1/new/ctr.v" into library xil_defaultlib
INFO: [VRFC 10-311] analyzing module ALUctr
INFO: [VRFC 10-2263] Analyzing Verilog file "D:/cs145/对的/lab0601/lab5.srcs/sources_1/imports/lab0402/lab0402.srcs/sources_1/new/dataMemory.v" into library xil_defaultlib
INFO: [VRFC 10-311] analyzing module dataMemory
INFO: [VRFC 10-2263] Analyzing Verilog file "D:/cs145/对的/lab0601/lab5.srcs/sources_1/imports/lab0401/lab0401.srcs/sources_1/new/registers.v" into library xil_defaultlib
INFO: [VRFC 10-311] analyzing module registers
INFO: [VRFC 10-2263] Analyzing Verilog file "D:/cs145/对的/lab0601/lab5.srcs/sources_1/imports/lab0403/lab0403.srcs/sources_1/new/signext.v" into library xil_defaultlib
INFO: [VRFC 10-311] analyzing module signext
INFO: [VRFC 10-2263] Analyzing Verilog file "D:/cs145/对的/lab0601/lab5.srcs/sources_1/new/Top.v" into library xil_defaultlib
INFO: [VRFC 10-311] analyzing module Top
INFO: [VRFC 10-2263] Analyzing Verilog file "D:/cs145/对的/lab0601/lab5.srcs/sources_1/imports/new/Ctr.v" into library xil_defaultlib
INFO: [VRFC 10-311] analyzing module Ctr
INFO: [VRFC 10-2263] Analyzing Verilog file "D:/cs145/对的/lab0601/lab5.srcs/sources_1/new/Mux.v" into library xil_defaultlib
INFO: [VRFC 10-311] analyzing module Mux_5
INFO: [VRFC 10-311] analyzing module Mux_32
INFO: [VRFC 10-2263] Analyzing Verilog file "D:/cs145/对的/lab0601/lab5.srcs/sim_1/new/assembly.v" into library xil_defaultlib
INFO: [VRFC 10-311] analyzing module assembly
INFO: [USF-XSim-69] 'compile' step finished in '1' seconds
INFO: [USF-XSim-3] XSim::Elaborate design
INFO: [USF-XSim-61] Executing 'ELABORATE' step in 'D:/cs145/对的/lab0601/lab5.sim/sim_1/behav/xsim'
Vivado Simulator 2018.3
Copyright 1986-1999, 2001-2018 Xilinx, Inc. All Rights Reserved.
Running: D:/vivado/Vivado/2018.3/bin/unwrapped/win64.o/xelab.exe -wto 1369337ea1584077a1a2f6ac373e2f54 --incr --debug typical --relax --mt 2 -L xil_defaultlib -L unisims_ver -L unimacro_ver -L secureip --snapshot assembly_behav xil_defaultlib.assembly xil_defaultlib.glbl -log elaborate.log 
Using 2 slave threads.
Starting static elaboration
WARNING: [VRFC 10-3091] actual bit length 6 differs from formal bit length 5 for port 'writeReg' [D:/cs145/对的/lab0601/lab5.srcs/sources_1/new/Top.v:119]
Completed static elaboration
Starting simulation data flow analysis
Completed simulation data flow analysis
Time Resolution for simulation is 1ps
Compiling module xil_defaultlib.InstMemory
Compiling module xil_defaultlib.Ctr
Compiling module xil_defaultlib.signext
Compiling module xil_defaultlib.registers
Compiling module xil_defaultlib.ALUctr
Compiling module xil_defaultlib.ALU
Compiling module xil_defaultlib.dataMemory
Compiling module xil_defaultlib.Top
Compiling module xil_defaultlib.assembly
Compiling module xil_defaultlib.glbl
Built simulation snapshot assembly_behav
INFO: [USF-XSim-69] 'elaborate' step finished in '2' seconds
INFO: [USF-XSim-4] XSim::Simulate design
INFO: [USF-XSim-61] Executing 'SIMULATE' step in 'D:/cs145/对的/lab0601/lab5.sim/sim_1/behav/xsim'
INFO: [USF-XSim-98] *** Running xsim
   with args "assembly_behav -key {Behavioral:sim_1:Functional:assembly} -tclbatch {assembly.tcl} -view {D:/cs145/对的/lab0601/assembly_behav.wcfg} -log {simulate.log}"
INFO: [USF-XSim-8] Loading simulator feature
Vivado Simulator 2018.3
Time resolution is 1 ps
open_wave_config D:/cs145/对的/lab0601/assembly_behav.wcfg
WARNING: Simulation object /assembly/u/PC_WRITE was not found in the design.
source assembly.tcl
# set curr_wave [current_wave_config]
# if { [string length $curr_wave] == 0 } {
#   if { [llength [get_objects]] > 0} {
#     add_wave /
#     set_property needs_save false [current_wave_config]
#   } else {
#      send_msg_id Add_Wave-1 WARNING "No top level signals found. Simulator will start without a wave window. If you want to open a wave window go to 'File->New Waveform Configuration' or type 'create_wave_config' in the TCL console."
#   }
# }
# run 1000ns
INFO: [USF-XSim-96] XSim completed. Design snapshot 'assembly_behav' loaded.
INFO: [USF-XSim-97] XSim simulation ran for 1000ns
launch_simulation: Time (s): cpu = 00:00:02 ; elapsed = 00:00:06 . Memory (MB): peak = 838.316 ; gain = 0.000
