#-----------------------------------------------------------
# Vivado v2018.3 (64-bit)
# SW Build 2405991 on Thu Dec  6 23:38:27 MST 2018
# IP Build 2404404 on Fri Dec  7 01:43:56 MST 2018
# Start of session at: Wed Jun 19 09:20:54 2019
# Process ID: 2560
# Current directory: E:/lab0601
# Command line: vivado.exe -gui_launcher_event rodinguilauncherevent7632 E:\lab0601\lab5.xpr
# Log file: E:/lab0601/vivado.log
# Journal file: E:/lab0601\vivado.jou
#-----------------------------------------------------------
start_gui
open_project E:/lab0601/lab5.xpr
Scanning sources...
Finished scanning sources
INFO: [IP_Flow 19-234] Refreshing IP repositories
INFO: [IP_Flow 19-1704] No user IP repositories specified
INFO: [IP_Flow 19-2313] Loaded Vivado IP repository 'C:/Xilinx_Vivado/Vivado/2018.3/data/ip'.
open_project: Time (s): cpu = 00:00:13 ; elapsed = 00:00:06 . Memory (MB): peak = 949.449 ; gain = 95.082
launch_simulation
INFO: [Vivado 12-5682] Launching behavioral simulation in 'E:/lab0601/lab5.sim/sim_1/behav/xsim'
INFO: [SIM-utils-51] Simulation object is 'sim_1'
INFO: [SIM-utils-54] Inspecting design source files for 'assembly' in fileset 'sim_1'...
INFO: [USF-XSim-97] Finding global include files...
INFO: [USF-XSim-100] Fetching design files from 'sources_1'...(this may take a while)...
INFO: [USF-XSim-101] Fetching design files from 'sim_1'...
INFO: [USF-XSim-2] XSim::Compile design
INFO: [USF-XSim-61] Executing 'COMPILE and ANALYZE' step in 'E:/lab0601/lab5.sim/sim_1/behav/xsim'
"xvlog --incr --relax -prj assembly_vlog.prj"
INFO: [USF-XSim-69] 'compile' step finished in '1' seconds
INFO: [USF-XSim-3] XSim::Elaborate design
INFO: [USF-XSim-61] Executing 'ELABORATE' step in 'E:/lab0601/lab5.sim/sim_1/behav/xsim'
Vivado Simulator 2018.3
Copyright 1986-1999, 2001-2018 Xilinx, Inc. All Rights Reserved.
Running: C:/Xilinx_Vivado/Vivado/2018.3/bin/unwrapped/win64.o/xelab.exe -wto 1369337ea1584077a1a2f6ac373e2f54 --incr --debug typical --relax --mt 2 -L xil_defaultlib -L unisims_ver -L unimacro_ver -L secureip --snapshot assembly_behav xil_defaultlib.assembly xil_defaultlib.glbl -log elaborate.log 
Using 2 slave threads.
Starting static elaboration
WARNING: [VRFC 10-3091] actual bit length 6 differs from formal bit length 5 for port 'writeReg' [E:/lab0601/lab5.srcs/sources_1/new/Top.v:117]
Completed static elaboration
INFO: [XSIM 43-4323] No Change in HDL. Linking previously generated obj files to create kernel
INFO: [USF-XSim-69] 'elaborate' step finished in '2' seconds
INFO: [USF-XSim-4] XSim::Simulate design
INFO: [USF-XSim-61] Executing 'SIMULATE' step in 'E:/lab0601/lab5.sim/sim_1/behav/xsim'
INFO: [USF-XSim-98] *** Running xsim
   with args "assembly_behav -key {Behavioral:sim_1:Functional:assembly} -tclbatch {assembly.tcl} -view {E:/lab0601/assembly_behav.wcfg} -log {simulate.log}"
INFO: [USF-XSim-8] Loading simulator feature
Vivado Simulator 2018.3
Time resolution is 1 ps
open_wave_config E:/lab0601/assembly_behav.wcfg
source assembly.tcl
# set curr_wave [current_wave_config]
# if { [string length $curr_wave] == 0 } {
#   if { [llength [get_objects]] > 0} {
#     add_wave /
#     set_property needs_save false [current_wave_config]
#   } else {
#      send_msg_id Add_Wave-1 WARNING "No top level signals found. Simulator will start without a wave window. If you want to open a wave window go to 'File->New Waveform Configuration' or type 'create_wave_config' in the TCL console."
#   }
# }
# run 1000ns
INFO: [USF-XSim-96] XSim completed. Design snapshot 'assembly_behav' loaded.
INFO: [USF-XSim-97] XSim simulation ran for 1000ns
launch_simulation: Time (s): cpu = 00:00:10 ; elapsed = 00:00:06 . Memory (MB): peak = 949.965 ; gain = 0.000
close_sim
INFO: [Simtcl 6-16] Simulation closed
close_sim: Time (s): cpu = 00:00:02 ; elapsed = 00:00:08 . Memory (MB): peak = 949.965 ; gain = 0.000
launch_simulation
INFO: [Vivado 12-5682] Launching behavioral simulation in 'E:/lab0601/lab5.sim/sim_1/behav/xsim'
INFO: [SIM-utils-51] Simulation object is 'sim_1'
INFO: [SIM-utils-54] Inspecting design source files for 'assembly' in fileset 'sim_1'...
INFO: [USF-XSim-97] Finding global include files...
INFO: [USF-XSim-100] Fetching design files from 'sources_1'...(this may take a while)...
INFO: [USF-XSim-101] Fetching design files from 'sim_1'...
INFO: [USF-XSim-2] XSim::Compile design
INFO: [USF-XSim-61] Executing 'COMPILE and ANALYZE' step in 'E:/lab0601/lab5.sim/sim_1/behav/xsim'
"xvlog --incr --relax -prj assembly_vlog.prj"
INFO: [USF-XSim-69] 'compile' step finished in '1' seconds
INFO: [USF-XSim-3] XSim::Elaborate design
INFO: [USF-XSim-61] Executing 'ELABORATE' step in 'E:/lab0601/lab5.sim/sim_1/behav/xsim'
Vivado Simulator 2018.3
Copyright 1986-1999, 2001-2018 Xilinx, Inc. All Rights Reserved.
Running: C:/Xilinx_Vivado/Vivado/2018.3/bin/unwrapped/win64.o/xelab.exe -wto 1369337ea1584077a1a2f6ac373e2f54 --incr --debug typical --relax --mt 2 -L xil_defaultlib -L unisims_ver -L unimacro_ver -L secureip --snapshot assembly_behav xil_defaultlib.assembly xil_defaultlib.glbl -log elaborate.log 
Using 2 slave threads.
Starting static elaboration
WARNING: [VRFC 10-3091] actual bit length 6 differs from formal bit length 5 for port 'writeReg' [E:/lab0601/lab5.srcs/sources_1/new/Top.v:117]
Completed static elaboration
INFO: [XSIM 43-4323] No Change in HDL. Linking previously generated obj files to create kernel
INFO: [USF-XSim-69] 'elaborate' step finished in '1' seconds
INFO: [USF-XSim-4] XSim::Simulate design
INFO: [USF-XSim-61] Executing 'SIMULATE' step in 'E:/lab0601/lab5.sim/sim_1/behav/xsim'
INFO: [USF-XSim-98] *** Running xsim
   with args "assembly_behav -key {Behavioral:sim_1:Functional:assembly} -tclbatch {assembly.tcl} -view {E:/lab0601/assembly_behav.wcfg} -log {simulate.log}"
INFO: [USF-XSim-8] Loading simulator feature
Vivado Simulator 2018.3
Time resolution is 1 ps
open_wave_config E:/lab0601/assembly_behav.wcfg
source assembly.tcl
# set curr_wave [current_wave_config]
# if { [string length $curr_wave] == 0 } {
#   if { [llength [get_objects]] > 0} {
#     add_wave /
#     set_property needs_save false [current_wave_config]
#   } else {
#      send_msg_id Add_Wave-1 WARNING "No top level signals found. Simulator will start without a wave window. If you want to open a wave window go to 'File->New Waveform Configuration' or type 'create_wave_config' in the TCL console."
#   }
# }
# run 1000ns
INFO: [USF-XSim-96] XSim completed. Design snapshot 'assembly_behav' loaded.
INFO: [USF-XSim-97] XSim simulation ran for 1000ns
launch_simulation: Time (s): cpu = 00:00:04 ; elapsed = 00:00:05 . Memory (MB): peak = 949.965 ; gain = 0.000
close_sim
INFO: [Simtcl 6-16] Simulation closed
close_sim: Time (s): cpu = 00:00:01 ; elapsed = 00:00:07 . Memory (MB): peak = 949.965 ; gain = 0.000
launch_simulation
INFO: [Vivado 12-5682] Launching behavioral simulation in 'E:/lab0601/lab5.sim/sim_1/behav/xsim'
INFO: [SIM-utils-51] Simulation object is 'sim_1'
INFO: [SIM-utils-54] Inspecting design source files for 'assembly' in fileset 'sim_1'...
INFO: [USF-XSim-97] Finding global include files...
INFO: [USF-XSim-100] Fetching design files from 'sources_1'...(this may take a while)...
INFO: [USF-XSim-101] Fetching design files from 'sim_1'...
INFO: [USF-XSim-2] XSim::Compile design
INFO: [USF-XSim-61] Executing 'COMPILE and ANALYZE' step in 'E:/lab0601/lab5.sim/sim_1/behav/xsim'
"xvlog --incr --relax -prj assembly_vlog.prj"
INFO: [VRFC 10-2263] Analyzing Verilog file "E:/lab0601/lab5.srcs/sources_1/imports/lab0303/lab0303.srcs/sources_1/new/ALU.v" into library xil_defaultlib
INFO: [VRFC 10-311] analyzing module ALU
INFO: [VRFC 10-2263] Analyzing Verilog file "E:/lab0601/lab5.srcs/sources_1/new/InstMemory.v" into library xil_defaultlib
INFO: [VRFC 10-311] analyzing module InstMemory
INFO: [VRFC 10-2263] Analyzing Verilog file "E:/lab0601/lab5.srcs/sources_1/imports/lab030201/lab030201.srcs/sources_1/new/ctr.v" into library xil_defaultlib
INFO: [VRFC 10-311] analyzing module ALUctr
INFO: [VRFC 10-2263] Analyzing Verilog file "E:/lab0601/lab5.srcs/sources_1/imports/lab0402/lab0402.srcs/sources_1/new/dataMemory.v" into library xil_defaultlib
INFO: [VRFC 10-311] analyzing module dataMemory
INFO: [VRFC 10-2263] Analyzing Verilog file "E:/lab0601/lab5.srcs/sources_1/imports/lab0401/lab0401.srcs/sources_1/new/registers.v" into library xil_defaultlib
INFO: [VRFC 10-311] analyzing module registers
INFO: [VRFC 10-2263] Analyzing Verilog file "E:/lab0601/lab5.srcs/sources_1/imports/lab0403/lab0403.srcs/sources_1/new/signext.v" into library xil_defaultlib
INFO: [VRFC 10-311] analyzing module signext
INFO: [VRFC 10-2263] Analyzing Verilog file "E:/lab0601/lab5.srcs/sources_1/new/Top.v" into library xil_defaultlib
INFO: [VRFC 10-311] analyzing module Top
INFO: [VRFC 10-2263] Analyzing Verilog file "E:/lab0601/lab5.srcs/sources_1/imports/new/Ctr.v" into library xil_defaultlib
INFO: [VRFC 10-311] analyzing module Ctr
INFO: [VRFC 10-2263] Analyzing Verilog file "E:/lab0601/lab5.srcs/sources_1/new/Mux.v" into library xil_defaultlib
INFO: [VRFC 10-311] analyzing module Mux_5
INFO: [VRFC 10-311] analyzing module Mux_32
INFO: [VRFC 10-2263] Analyzing Verilog file "E:/lab0601/lab5.srcs/sim_1/new/assembly.v" into library xil_defaultlib
INFO: [VRFC 10-311] analyzing module assembly
INFO: [USF-XSim-69] 'compile' step finished in '1' seconds
INFO: [USF-XSim-3] XSim::Elaborate design
INFO: [USF-XSim-61] Executing 'ELABORATE' step in 'E:/lab0601/lab5.sim/sim_1/behav/xsim'
Vivado Simulator 2018.3
Copyright 1986-1999, 2001-2018 Xilinx, Inc. All Rights Reserved.
Running: C:/Xilinx_Vivado/Vivado/2018.3/bin/unwrapped/win64.o/xelab.exe -wto 1369337ea1584077a1a2f6ac373e2f54 --incr --debug typical --relax --mt 2 -L xil_defaultlib -L unisims_ver -L unimacro_ver -L secureip --snapshot assembly_behav xil_defaultlib.assembly xil_defaultlib.glbl -log elaborate.log 
Using 2 slave threads.
Starting static elaboration
WARNING: [VRFC 10-3091] actual bit length 6 differs from formal bit length 5 for port 'writeReg' [E:/lab0601/lab5.srcs/sources_1/new/Top.v:118]
Completed static elaboration
Starting simulation data flow analysis
Completed simulation data flow analysis
Time Resolution for simulation is 1ps
Compiling module xil_defaultlib.InstMemory
Compiling module xil_defaultlib.Ctr
Compiling module xil_defaultlib.signext
Compiling module xil_defaultlib.registers
Compiling module xil_defaultlib.ALUctr
Compiling module xil_defaultlib.ALU
Compiling module xil_defaultlib.dataMemory
Compiling module xil_defaultlib.Top
Compiling module xil_defaultlib.assembly
Compiling module xil_defaultlib.glbl
Built simulation snapshot assembly_behav
run_program: Time (s): cpu = 00:00:00 ; elapsed = 00:00:08 . Memory (MB): peak = 949.965 ; gain = 0.000
INFO: [USF-XSim-69] 'elaborate' step finished in '8' seconds
INFO: [USF-XSim-4] XSim::Simulate design
INFO: [USF-XSim-61] Executing 'SIMULATE' step in 'E:/lab0601/lab5.sim/sim_1/behav/xsim'
INFO: [USF-XSim-98] *** Running xsim
   with args "assembly_behav -key {Behavioral:sim_1:Functional:assembly} -tclbatch {assembly.tcl} -view {E:/lab0601/assembly_behav.wcfg} -log {simulate.log}"
INFO: [USF-XSim-8] Loading simulator feature
Vivado Simulator 2018.3
Time resolution is 1 ps
open_wave_config E:/lab0601/assembly_behav.wcfg
source assembly.tcl
# set curr_wave [current_wave_config]
# if { [string length $curr_wave] == 0 } {
#   if { [llength [get_objects]] > 0} {
#     add_wave /
#     set_property needs_save false [current_wave_config]
#   } else {
#      send_msg_id Add_Wave-1 WARNING "No top level signals found. Simulator will start without a wave window. If you want to open a wave window go to 'File->New Waveform Configuration' or type 'create_wave_config' in the TCL console."
#   }
# }
# run 1000ns
INFO: [USF-XSim-96] XSim completed. Design snapshot 'assembly_behav' loaded.
INFO: [USF-XSim-97] XSim simulation ran for 1000ns
launch_simulation: Time (s): cpu = 00:00:03 ; elapsed = 00:00:13 . Memory (MB): peak = 949.965 ; gain = 0.000
close_sim
INFO: [Simtcl 6-16] Simulation closed
close_sim: Time (s): cpu = 00:00:01 ; elapsed = 00:00:07 . Memory (MB): peak = 949.965 ; gain = 0.000
launch_simulation
INFO: [Vivado 12-5682] Launching behavioral simulation in 'E:/lab0601/lab5.sim/sim_1/behav/xsim'
INFO: [SIM-utils-51] Simulation object is 'sim_1'
INFO: [SIM-utils-54] Inspecting design source files for 'assembly' in fileset 'sim_1'...
INFO: [USF-XSim-97] Finding global include files...
INFO: [USF-XSim-100] Fetching design files from 'sources_1'...(this may take a while)...
INFO: [USF-XSim-101] Fetching design files from 'sim_1'...
INFO: [USF-XSim-2] XSim::Compile design
INFO: [USF-XSim-61] Executing 'COMPILE and ANALYZE' step in 'E:/lab0601/lab5.sim/sim_1/behav/xsim'
"xvlog --incr --relax -prj assembly_vlog.prj"
INFO: [VRFC 10-2263] Analyzing Verilog file "E:/lab0601/lab5.srcs/sources_1/imports/lab0303/lab0303.srcs/sources_1/new/ALU.v" into library xil_defaultlib
INFO: [VRFC 10-311] analyzing module ALU
INFO: [VRFC 10-2263] Analyzing Verilog file "E:/lab0601/lab5.srcs/sources_1/new/InstMemory.v" into library xil_defaultlib
INFO: [VRFC 10-311] analyzing module InstMemory
INFO: [VRFC 10-2263] Analyzing Verilog file "E:/lab0601/lab5.srcs/sources_1/imports/lab030201/lab030201.srcs/sources_1/new/ctr.v" into library xil_defaultlib
INFO: [VRFC 10-311] analyzing module ALUctr
INFO: [VRFC 10-2263] Analyzing Verilog file "E:/lab0601/lab5.srcs/sources_1/imports/lab0402/lab0402.srcs/sources_1/new/dataMemory.v" into library xil_defaultlib
INFO: [VRFC 10-311] analyzing module dataMemory
INFO: [VRFC 10-2263] Analyzing Verilog file "E:/lab0601/lab5.srcs/sources_1/imports/lab0401/lab0401.srcs/sources_1/new/registers.v" into library xil_defaultlib
INFO: [VRFC 10-311] analyzing module registers
INFO: [VRFC 10-2263] Analyzing Verilog file "E:/lab0601/lab5.srcs/sources_1/imports/lab0403/lab0403.srcs/sources_1/new/signext.v" into library xil_defaultlib
INFO: [VRFC 10-311] analyzing module signext
INFO: [VRFC 10-2263] Analyzing Verilog file "E:/lab0601/lab5.srcs/sources_1/new/Top.v" into library xil_defaultlib
INFO: [VRFC 10-311] analyzing module Top
INFO: [VRFC 10-2263] Analyzing Verilog file "E:/lab0601/lab5.srcs/sources_1/imports/new/Ctr.v" into library xil_defaultlib
INFO: [VRFC 10-311] analyzing module Ctr
INFO: [VRFC 10-2263] Analyzing Verilog file "E:/lab0601/lab5.srcs/sources_1/new/Mux.v" into library xil_defaultlib
INFO: [VRFC 10-311] analyzing module Mux_5
INFO: [VRFC 10-311] analyzing module Mux_32
INFO: [VRFC 10-2263] Analyzing Verilog file "E:/lab0601/lab5.srcs/sim_1/new/assembly.v" into library xil_defaultlib
INFO: [VRFC 10-311] analyzing module assembly
INFO: [USF-XSim-69] 'compile' step finished in '1' seconds
INFO: [USF-XSim-3] XSim::Elaborate design
INFO: [USF-XSim-61] Executing 'ELABORATE' step in 'E:/lab0601/lab5.sim/sim_1/behav/xsim'
Vivado Simulator 2018.3
Copyright 1986-1999, 2001-2018 Xilinx, Inc. All Rights Reserved.
Running: C:/Xilinx_Vivado/Vivado/2018.3/bin/unwrapped/win64.o/xelab.exe -wto 1369337ea1584077a1a2f6ac373e2f54 --incr --debug typical --relax --mt 2 -L xil_defaultlib -L unisims_ver -L unimacro_ver -L secureip --snapshot assembly_behav xil_defaultlib.assembly xil_defaultlib.glbl -log elaborate.log 
Using 2 slave threads.
Starting static elaboration
WARNING: [VRFC 10-3091] actual bit length 6 differs from formal bit length 5 for port 'writeReg' [E:/lab0601/lab5.srcs/sources_1/new/Top.v:119]
Completed static elaboration
Starting simulation data flow analysis
Completed simulation data flow analysis
Time Resolution for simulation is 1ps
Compiling module xil_defaultlib.InstMemory
Compiling module xil_defaultlib.Ctr
Compiling module xil_defaultlib.signext
Compiling module xil_defaultlib.registers
Compiling module xil_defaultlib.ALUctr
Compiling module xil_defaultlib.ALU
Compiling module xil_defaultlib.dataMemory
Compiling module xil_defaultlib.Top
Compiling module xil_defaultlib.assembly
Compiling module xil_defaultlib.glbl
Built simulation snapshot assembly_behav
run_program: Time (s): cpu = 00:00:00 ; elapsed = 00:00:08 . Memory (MB): peak = 949.965 ; gain = 0.000
INFO: [USF-XSim-69] 'elaborate' step finished in '8' seconds
INFO: [USF-XSim-4] XSim::Simulate design
INFO: [USF-XSim-61] Executing 'SIMULATE' step in 'E:/lab0601/lab5.sim/sim_1/behav/xsim'
INFO: [USF-XSim-98] *** Running xsim
   with args "assembly_behav -key {Behavioral:sim_1:Functional:assembly} -tclbatch {assembly.tcl} -view {E:/lab0601/assembly_behav.wcfg} -log {simulate.log}"
INFO: [USF-XSim-8] Loading simulator feature
Vivado Simulator 2018.3
Time resolution is 1 ps
open_wave_config E:/lab0601/assembly_behav.wcfg
source assembly.tcl
# set curr_wave [current_wave_config]
# if { [string length $curr_wave] == 0 } {
#   if { [llength [get_objects]] > 0} {
#     add_wave /
#     set_property needs_save false [current_wave_config]
#   } else {
#      send_msg_id Add_Wave-1 WARNING "No top level signals found. Simulator will start without a wave window. If you want to open a wave window go to 'File->New Waveform Configuration' or type 'create_wave_config' in the TCL console."
#   }
# }
# run 1000ns
INFO: [USF-XSim-96] XSim completed. Design snapshot 'assembly_behav' loaded.
INFO: [USF-XSim-97] XSim simulation ran for 1000ns
launch_simulation: Time (s): cpu = 00:00:02 ; elapsed = 00:00:13 . Memory (MB): peak = 949.965 ; gain = 0.000
current_wave_config {assembly_behav.wcfg}
assembly_behav.wcfg
add_wave {{/assembly/u/PC_WRITE}} 
launch_runs synth_1 -jobs 4
[Wed Jun 19 10:11:57 2019] Launched synth_1...
Run output will be captured here: E:/lab0601/lab5.runs/synth_1/runme.log
launch_runs: Time (s): cpu = 00:00:00 ; elapsed = 00:00:18 . Memory (MB): peak = 949.965 ; gain = 0.000
save_wave_config {E:/lab0601/assembly_behav.wcfg}
close_sim
INFO: [Simtcl 6-16] Simulation closed
close_sim: Time (s): cpu = 00:00:01 ; elapsed = 00:00:07 . Memory (MB): peak = 949.965 ; gain = 0.000
launch_simulation
INFO: [Vivado 12-5682] Launching behavioral simulation in 'E:/lab0601/lab5.sim/sim_1/behav/xsim'
INFO: [SIM-utils-51] Simulation object is 'sim_1'
INFO: [SIM-utils-54] Inspecting design source files for 'assembly' in fileset 'sim_1'...
INFO: [USF-XSim-97] Finding global include files...
INFO: [USF-XSim-100] Fetching design files from 'sources_1'...(this may take a while)...
INFO: [USF-XSim-101] Fetching design files from 'sim_1'...
INFO: [USF-XSim-2] XSim::Compile design
INFO: [USF-XSim-61] Executing 'COMPILE and ANALYZE' step in 'E:/lab0601/lab5.sim/sim_1/behav/xsim'
"xvlog --incr --relax -prj assembly_vlog.prj"
INFO: [USF-XSim-69] 'compile' step finished in '1' seconds
INFO: [USF-XSim-3] XSim::Elaborate design
INFO: [USF-XSim-61] Executing 'ELABORATE' step in 'E:/lab0601/lab5.sim/sim_1/behav/xsim'
Vivado Simulator 2018.3
Copyright 1986-1999, 2001-2018 Xilinx, Inc. All Rights Reserved.
Running: C:/Xilinx_Vivado/Vivado/2018.3/bin/unwrapped/win64.o/xelab.exe -wto 1369337ea1584077a1a2f6ac373e2f54 --incr --debug typical --relax --mt 2 -L xil_defaultlib -L unisims_ver -L unimacro_ver -L secureip --snapshot assembly_behav xil_defaultlib.assembly xil_defaultlib.glbl -log elaborate.log 
Using 2 slave threads.
Starting static elaboration
WARNING: [VRFC 10-3091] actual bit length 6 differs from formal bit length 5 for port 'writeReg' [E:/lab0601/lab5.srcs/sources_1/new/Top.v:119]
Completed static elaboration
INFO: [XSIM 43-4323] No Change in HDL. Linking previously generated obj files to create kernel
INFO: [USF-XSim-69] 'elaborate' step finished in '1' seconds
INFO: [USF-XSim-4] XSim::Simulate design
INFO: [USF-XSim-61] Executing 'SIMULATE' step in 'E:/lab0601/lab5.sim/sim_1/behav/xsim'
INFO: [USF-XSim-98] *** Running xsim
   with args "assembly_behav -key {Behavioral:sim_1:Functional:assembly} -tclbatch {assembly.tcl} -view {E:/lab0601/assembly_behav.wcfg} -log {simulate.log}"
INFO: [USF-XSim-8] Loading simulator feature
Vivado Simulator 2018.3
Time resolution is 1 ps
open_wave_config E:/lab0601/assembly_behav.wcfg
source assembly.tcl
# set curr_wave [current_wave_config]
# if { [string length $curr_wave] == 0 } {
#   if { [llength [get_objects]] > 0} {
#     add_wave /
#     set_property needs_save false [current_wave_config]
#   } else {
#      send_msg_id Add_Wave-1 WARNING "No top level signals found. Simulator will start without a wave window. If you want to open a wave window go to 'File->New Waveform Configuration' or type 'create_wave_config' in the TCL console."
#   }
# }
# run 1000ns
INFO: [USF-XSim-96] XSim completed. Design snapshot 'assembly_behav' loaded.
INFO: [USF-XSim-97] XSim simulation ran for 1000ns
close_sim
INFO: [Simtcl 6-16] Simulation closed
close_sim: Time (s): cpu = 00:00:01 ; elapsed = 00:00:07 . Memory (MB): peak = 949.965 ; gain = 0.000
launch_simulation
INFO: [Vivado 12-5682] Launching behavioral simulation in 'E:/lab0601/lab5.sim/sim_1/behav/xsim'
INFO: [SIM-utils-51] Simulation object is 'sim_1'
INFO: [SIM-utils-54] Inspecting design source files for 'assembly' in fileset 'sim_1'...
INFO: [USF-XSim-97] Finding global include files...
INFO: [USF-XSim-100] Fetching design files from 'sources_1'...(this may take a while)...
INFO: [USF-XSim-101] Fetching design files from 'sim_1'...
INFO: [USF-XSim-2] XSim::Compile design
INFO: [USF-XSim-61] Executing 'COMPILE and ANALYZE' step in 'E:/lab0601/lab5.sim/sim_1/behav/xsim'
"xvlog --incr --relax -prj assembly_vlog.prj"
INFO: [VRFC 10-2263] Analyzing Verilog file "E:/lab0601/lab5.srcs/sources_1/imports/lab0303/lab0303.srcs/sources_1/new/ALU.v" into library xil_defaultlib
INFO: [VRFC 10-311] analyzing module ALU
INFO: [VRFC 10-2263] Analyzing Verilog file "E:/lab0601/lab5.srcs/sources_1/new/InstMemory.v" into library xil_defaultlib
INFO: [VRFC 10-311] analyzing module InstMemory
INFO: [VRFC 10-2263] Analyzing Verilog file "E:/lab0601/lab5.srcs/sources_1/imports/lab030201/lab030201.srcs/sources_1/new/ctr.v" into library xil_defaultlib
INFO: [VRFC 10-311] analyzing module ALUctr
INFO: [VRFC 10-2263] Analyzing Verilog file "E:/lab0601/lab5.srcs/sources_1/imports/lab0402/lab0402.srcs/sources_1/new/dataMemory.v" into library xil_defaultlib
INFO: [VRFC 10-311] analyzing module dataMemory
INFO: [VRFC 10-2263] Analyzing Verilog file "E:/lab0601/lab5.srcs/sources_1/imports/lab0401/lab0401.srcs/sources_1/new/registers.v" into library xil_defaultlib
INFO: [VRFC 10-311] analyzing module registers
INFO: [VRFC 10-2263] Analyzing Verilog file "E:/lab0601/lab5.srcs/sources_1/imports/lab0403/lab0403.srcs/sources_1/new/signext.v" into library xil_defaultlib
INFO: [VRFC 10-311] analyzing module signext
INFO: [VRFC 10-2263] Analyzing Verilog file "E:/lab0601/lab5.srcs/sources_1/new/Top.v" into library xil_defaultlib
INFO: [VRFC 10-311] analyzing module Top
INFO: [VRFC 10-2263] Analyzing Verilog file "E:/lab0601/lab5.srcs/sources_1/imports/new/Ctr.v" into library xil_defaultlib
INFO: [VRFC 10-311] analyzing module Ctr
INFO: [VRFC 10-2263] Analyzing Verilog file "E:/lab0601/lab5.srcs/sources_1/new/Mux.v" into library xil_defaultlib
INFO: [VRFC 10-311] analyzing module Mux_5
INFO: [VRFC 10-311] analyzing module Mux_32
INFO: [VRFC 10-2263] Analyzing Verilog file "E:/lab0601/lab5.srcs/sim_1/new/assembly.v" into library xil_defaultlib
INFO: [VRFC 10-311] analyzing module assembly
INFO: [USF-XSim-69] 'compile' step finished in '1' seconds
INFO: [USF-XSim-3] XSim::Elaborate design
INFO: [USF-XSim-61] Executing 'ELABORATE' step in 'E:/lab0601/lab5.sim/sim_1/behav/xsim'
Vivado Simulator 2018.3
Copyright 1986-1999, 2001-2018 Xilinx, Inc. All Rights Reserved.
Running: C:/Xilinx_Vivado/Vivado/2018.3/bin/unwrapped/win64.o/xelab.exe -wto 1369337ea1584077a1a2f6ac373e2f54 --incr --debug typical --relax --mt 2 -L xil_defaultlib -L unisims_ver -L unimacro_ver -L secureip --snapshot assembly_behav xil_defaultlib.assembly xil_defaultlib.glbl -log elaborate.log 
Using 2 slave threads.
Starting static elaboration
WARNING: [VRFC 10-3091] actual bit length 6 differs from formal bit length 5 for port 'writeReg' [E:/lab0601/lab5.srcs/sources_1/new/Top.v:119]
Completed static elaboration
Starting simulation data flow analysis
Completed simulation data flow analysis
Time Resolution for simulation is 1ps
Compiling module xil_defaultlib.InstMemory
Compiling module xil_defaultlib.Ctr
Compiling module xil_defaultlib.signext
Compiling module xil_defaultlib.registers
Compiling module xil_defaultlib.ALUctr
Compiling module xil_defaultlib.ALU
Compiling module xil_defaultlib.dataMemory
Compiling module xil_defaultlib.Top
Compiling module xil_defaultlib.assembly
Compiling module xil_defaultlib.glbl
Built simulation snapshot assembly_behav
run_program: Time (s): cpu = 00:00:00 ; elapsed = 00:00:08 . Memory (MB): peak = 949.965 ; gain = 0.000
INFO: [USF-XSim-69] 'elaborate' step finished in '8' seconds
INFO: [USF-XSim-4] XSim::Simulate design
INFO: [USF-XSim-61] Executing 'SIMULATE' step in 'E:/lab0601/lab5.sim/sim_1/behav/xsim'
INFO: [USF-XSim-98] *** Running xsim
   with args "assembly_behav -key {Behavioral:sim_1:Functional:assembly} -tclbatch {assembly.tcl} -view {E:/lab0601/assembly_behav.wcfg} -log {simulate.log}"
INFO: [USF-XSim-8] Loading simulator feature
Vivado Simulator 2018.3
Time resolution is 1 ps
open_wave_config E:/lab0601/assembly_behav.wcfg
source assembly.tcl
# set curr_wave [current_wave_config]
# if { [string length $curr_wave] == 0 } {
#   if { [llength [get_objects]] > 0} {
#     add_wave /
#     set_property needs_save false [current_wave_config]
#   } else {
#      send_msg_id Add_Wave-1 WARNING "No top level signals found. Simulator will start without a wave window. If you want to open a wave window go to 'File->New Waveform Configuration' or type 'create_wave_config' in the TCL console."
#   }
# }
# run 1000ns
INFO: [USF-XSim-96] XSim completed. Design snapshot 'assembly_behav' loaded.
INFO: [USF-XSim-97] XSim simulation ran for 1000ns
launch_simulation: Time (s): cpu = 00:00:02 ; elapsed = 00:00:13 . Memory (MB): peak = 949.965 ; gain = 0.000
close_sim
INFO: [Simtcl 6-16] Simulation closed
close_sim: Time (s): cpu = 00:00:01 ; elapsed = 00:00:07 . Memory (MB): peak = 949.965 ; gain = 0.000
launch_simulation
INFO: [Vivado 12-5682] Launching behavioral simulation in 'E:/lab0601/lab5.sim/sim_1/behav/xsim'
INFO: [SIM-utils-51] Simulation object is 'sim_1'
INFO: [SIM-utils-54] Inspecting design source files for 'assembly' in fileset 'sim_1'...
INFO: [USF-XSim-97] Finding global include files...
INFO: [USF-XSim-100] Fetching design files from 'sources_1'...(this may take a while)...
INFO: [USF-XSim-101] Fetching design files from 'sim_1'...
INFO: [USF-XSim-2] XSim::Compile design
INFO: [USF-XSim-61] Executing 'COMPILE and ANALYZE' step in 'E:/lab0601/lab5.sim/sim_1/behav/xsim'
"xvlog --incr --relax -prj assembly_vlog.prj"
INFO: [VRFC 10-2263] Analyzing Verilog file "E:/lab0601/lab5.srcs/sources_1/imports/lab0303/lab0303.srcs/sources_1/new/ALU.v" into library xil_defaultlib
INFO: [VRFC 10-311] analyzing module ALU
INFO: [VRFC 10-2263] Analyzing Verilog file "E:/lab0601/lab5.srcs/sources_1/new/InstMemory.v" into library xil_defaultlib
INFO: [VRFC 10-311] analyzing module InstMemory
INFO: [VRFC 10-2263] Analyzing Verilog file "E:/lab0601/lab5.srcs/sources_1/imports/lab030201/lab030201.srcs/sources_1/new/ctr.v" into library xil_defaultlib
INFO: [VRFC 10-311] analyzing module ALUctr
INFO: [VRFC 10-2263] Analyzing Verilog file "E:/lab0601/lab5.srcs/sources_1/imports/lab0402/lab0402.srcs/sources_1/new/dataMemory.v" into library xil_defaultlib
INFO: [VRFC 10-311] analyzing module dataMemory
INFO: [VRFC 10-2263] Analyzing Verilog file "E:/lab0601/lab5.srcs/sources_1/imports/lab0401/lab0401.srcs/sources_1/new/registers.v" into library xil_defaultlib
INFO: [VRFC 10-311] analyzing module registers
INFO: [VRFC 10-2263] Analyzing Verilog file "E:/lab0601/lab5.srcs/sources_1/imports/lab0403/lab0403.srcs/sources_1/new/signext.v" into library xil_defaultlib
INFO: [VRFC 10-311] analyzing module signext
INFO: [VRFC 10-2263] Analyzing Verilog file "E:/lab0601/lab5.srcs/sources_1/new/Top.v" into library xil_defaultlib
INFO: [VRFC 10-311] analyzing module Top
INFO: [VRFC 10-2263] Analyzing Verilog file "E:/lab0601/lab5.srcs/sources_1/imports/new/Ctr.v" into library xil_defaultlib
INFO: [VRFC 10-311] analyzing module Ctr
INFO: [VRFC 10-2263] Analyzing Verilog file "E:/lab0601/lab5.srcs/sources_1/new/Mux.v" into library xil_defaultlib
INFO: [VRFC 10-311] analyzing module Mux_5
INFO: [VRFC 10-311] analyzing module Mux_32
INFO: [VRFC 10-2263] Analyzing Verilog file "E:/lab0601/lab5.srcs/sim_1/new/assembly.v" into library xil_defaultlib
INFO: [VRFC 10-311] analyzing module assembly
INFO: [USF-XSim-69] 'compile' step finished in '2' seconds
INFO: [USF-XSim-3] XSim::Elaborate design
INFO: [USF-XSim-61] Executing 'ELABORATE' step in 'E:/lab0601/lab5.sim/sim_1/behav/xsim'
Vivado Simulator 2018.3
Copyright 1986-1999, 2001-2018 Xilinx, Inc. All Rights Reserved.
Running: C:/Xilinx_Vivado/Vivado/2018.3/bin/unwrapped/win64.o/xelab.exe -wto 1369337ea1584077a1a2f6ac373e2f54 --incr --debug typical --relax --mt 2 -L xil_defaultlib -L unisims_ver -L unimacro_ver -L secureip --snapshot assembly_behav xil_defaultlib.assembly xil_defaultlib.glbl -log elaborate.log 
Using 2 slave threads.
Starting static elaboration
WARNING: [VRFC 10-3091] actual bit length 6 differs from formal bit length 5 for port 'writeReg' [E:/lab0601/lab5.srcs/sources_1/new/Top.v:119]
Completed static elaboration
Starting simulation data flow analysis
Completed simulation data flow analysis
Time Resolution for simulation is 1ps
Compiling module xil_defaultlib.InstMemory
Compiling module xil_defaultlib.Ctr
Compiling module xil_defaultlib.signext
Compiling module xil_defaultlib.registers
Compiling module xil_defaultlib.ALUctr
Compiling module xil_defaultlib.ALU
Compiling module xil_defaultlib.dataMemory
Compiling module xil_defaultlib.Top
Compiling module xil_defaultlib.assembly
Compiling module xil_defaultlib.glbl
Built simulation snapshot assembly_behav
run_program: Time (s): cpu = 00:00:01 ; elapsed = 00:00:08 . Memory (MB): peak = 949.965 ; gain = 0.000
INFO: [USF-XSim-69] 'elaborate' step finished in '8' seconds
INFO: [USF-XSim-4] XSim::Simulate design
INFO: [USF-XSim-61] Executing 'SIMULATE' step in 'E:/lab0601/lab5.sim/sim_1/behav/xsim'
INFO: [USF-XSim-98] *** Running xsim
   with args "assembly_behav -key {Behavioral:sim_1:Functional:assembly} -tclbatch {assembly.tcl} -view {E:/lab0601/assembly_behav.wcfg} -log {simulate.log}"
INFO: [USF-XSim-8] Loading simulator feature
Vivado Simulator 2018.3
Time resolution is 1 ps
open_wave_config E:/lab0601/assembly_behav.wcfg
source assembly.tcl
# set curr_wave [current_wave_config]
# if { [string length $curr_wave] == 0 } {
#   if { [llength [get_objects]] > 0} {
#     add_wave /
#     set_property needs_save false [current_wave_config]
#   } else {
#      send_msg_id Add_Wave-1 WARNING "No top level signals found. Simulator will start without a wave window. If you want to open a wave window go to 'File->New Waveform Configuration' or type 'create_wave_config' in the TCL console."
#   }
# }
# run 1000ns
INFO: [USF-XSim-96] XSim completed. Design snapshot 'assembly_behav' loaded.
INFO: [USF-XSim-97] XSim simulation ran for 1000ns
launch_simulation: Time (s): cpu = 00:00:02 ; elapsed = 00:00:13 . Memory (MB): peak = 949.965 ; gain = 0.000
close_sim
INFO: [Simtcl 6-16] Simulation closed
close_sim: Time (s): cpu = 00:00:01 ; elapsed = 00:00:07 . Memory (MB): peak = 949.965 ; gain = 0.000
launch_simulation
INFO: [Vivado 12-5682] Launching behavioral simulation in 'E:/lab0601/lab5.sim/sim_1/behav/xsim'
INFO: [SIM-utils-51] Simulation object is 'sim_1'
INFO: [SIM-utils-54] Inspecting design source files for 'assembly' in fileset 'sim_1'...
INFO: [USF-XSim-97] Finding global include files...
INFO: [USF-XSim-100] Fetching design files from 'sources_1'...(this may take a while)...
INFO: [USF-XSim-101] Fetching design files from 'sim_1'...
INFO: [USF-XSim-2] XSim::Compile design
INFO: [USF-XSim-61] Executing 'COMPILE and ANALYZE' step in 'E:/lab0601/lab5.sim/sim_1/behav/xsim'
"xvlog --incr --relax -prj assembly_vlog.prj"
INFO: [VRFC 10-2263] Analyzing Verilog file "E:/lab0601/lab5.srcs/sources_1/imports/lab0303/lab0303.srcs/sources_1/new/ALU.v" into library xil_defaultlib
INFO: [VRFC 10-311] analyzing module ALU
INFO: [VRFC 10-2263] Analyzing Verilog file "E:/lab0601/lab5.srcs/sources_1/new/InstMemory.v" into library xil_defaultlib
INFO: [VRFC 10-311] analyzing module InstMemory
INFO: [VRFC 10-2263] Analyzing Verilog file "E:/lab0601/lab5.srcs/sources_1/imports/lab030201/lab030201.srcs/sources_1/new/ctr.v" into library xil_defaultlib
INFO: [VRFC 10-311] analyzing module ALUctr
INFO: [VRFC 10-2263] Analyzing Verilog file "E:/lab0601/lab5.srcs/sources_1/imports/lab0402/lab0402.srcs/sources_1/new/dataMemory.v" into library xil_defaultlib
INFO: [VRFC 10-311] analyzing module dataMemory
INFO: [VRFC 10-2263] Analyzing Verilog file "E:/lab0601/lab5.srcs/sources_1/imports/lab0401/lab0401.srcs/sources_1/new/registers.v" into library xil_defaultlib
INFO: [VRFC 10-311] analyzing module registers
INFO: [VRFC 10-2263] Analyzing Verilog file "E:/lab0601/lab5.srcs/sources_1/imports/lab0403/lab0403.srcs/sources_1/new/signext.v" into library xil_defaultlib
INFO: [VRFC 10-311] analyzing module signext
INFO: [VRFC 10-2263] Analyzing Verilog file "E:/lab0601/lab5.srcs/sources_1/new/Top.v" into library xil_defaultlib
INFO: [VRFC 10-311] analyzing module Top
INFO: [VRFC 10-2263] Analyzing Verilog file "E:/lab0601/lab5.srcs/sources_1/imports/new/Ctr.v" into library xil_defaultlib
INFO: [VRFC 10-311] analyzing module Ctr
INFO: [VRFC 10-2263] Analyzing Verilog file "E:/lab0601/lab5.srcs/sources_1/new/Mux.v" into library xil_defaultlib
INFO: [VRFC 10-311] analyzing module Mux_5
INFO: [VRFC 10-311] analyzing module Mux_32
INFO: [VRFC 10-2263] Analyzing Verilog file "E:/lab0601/lab5.srcs/sim_1/new/assembly.v" into library xil_defaultlib
INFO: [VRFC 10-311] analyzing module assembly
INFO: [USF-XSim-69] 'compile' step finished in '1' seconds
INFO: [USF-XSim-3] XSim::Elaborate design
INFO: [USF-XSim-61] Executing 'ELABORATE' step in 'E:/lab0601/lab5.sim/sim_1/behav/xsim'
Vivado Simulator 2018.3
Copyright 1986-1999, 2001-2018 Xilinx, Inc. All Rights Reserved.
Running: C:/Xilinx_Vivado/Vivado/2018.3/bin/unwrapped/win64.o/xelab.exe -wto 1369337ea1584077a1a2f6ac373e2f54 --incr --debug typical --relax --mt 2 -L xil_defaultlib -L unisims_ver -L unimacro_ver -L secureip --snapshot assembly_behav xil_defaultlib.assembly xil_defaultlib.glbl -log elaborate.log 
Using 2 slave threads.
Starting static elaboration
WARNING: [VRFC 10-3091] actual bit length 6 differs from formal bit length 5 for port 'writeReg' [E:/lab0601/lab5.srcs/sources_1/new/Top.v:119]
Completed static elaboration
Starting simulation data flow analysis
Completed simulation data flow analysis
Time Resolution for simulation is 1ps
Compiling module xil_defaultlib.InstMemory
Compiling module xil_defaultlib.Ctr
Compiling module xil_defaultlib.signext
Compiling module xil_defaultlib.registers
Compiling module xil_defaultlib.ALUctr
Compiling module xil_defaultlib.ALU
Compiling module xil_defaultlib.dataMemory
Compiling module xil_defaultlib.Top
Compiling module xil_defaultlib.assembly
Compiling module xil_defaultlib.glbl
Built simulation snapshot assembly_behav
run_program: Time (s): cpu = 00:00:00 ; elapsed = 00:00:08 . Memory (MB): peak = 949.965 ; gain = 0.000
INFO: [USF-XSim-69] 'elaborate' step finished in '8' seconds
INFO: [USF-XSim-4] XSim::Simulate design
INFO: [USF-XSim-61] Executing 'SIMULATE' step in 'E:/lab0601/lab5.sim/sim_1/behav/xsim'
INFO: [USF-XSim-98] *** Running xsim
   with args "assembly_behav -key {Behavioral:sim_1:Functional:assembly} -tclbatch {assembly.tcl} -view {E:/lab0601/assembly_behav.wcfg} -log {simulate.log}"
INFO: [USF-XSim-8] Loading simulator feature
Vivado Simulator 2018.3
Time resolution is 1 ps
open_wave_config E:/lab0601/assembly_behav.wcfg
source assembly.tcl
# set curr_wave [current_wave_config]
# if { [string length $curr_wave] == 0 } {
#   if { [llength [get_objects]] > 0} {
#     add_wave /
#     set_property needs_save false [current_wave_config]
#   } else {
#      send_msg_id Add_Wave-1 WARNING "No top level signals found. Simulator will start without a wave window. If you want to open a wave window go to 'File->New Waveform Configuration' or type 'create_wave_config' in the TCL console."
#   }
# }
# run 1000ns
INFO: [USF-XSim-96] XSim completed. Design snapshot 'assembly_behav' loaded.
INFO: [USF-XSim-97] XSim simulation ran for 1000ns
launch_simulation: Time (s): cpu = 00:00:02 ; elapsed = 00:00:13 . Memory (MB): peak = 949.965 ; gain = 0.000
close_sim
INFO: [Simtcl 6-16] Simulation closed
close_sim: Time (s): cpu = 00:00:01 ; elapsed = 00:00:07 . Memory (MB): peak = 949.965 ; gain = 0.000
launch_simulation
INFO: [Vivado 12-5682] Launching behavioral simulation in 'E:/lab0601/lab5.sim/sim_1/behav/xsim'
INFO: [SIM-utils-51] Simulation object is 'sim_1'
INFO: [SIM-utils-54] Inspecting design source files for 'assembly' in fileset 'sim_1'...
INFO: [USF-XSim-97] Finding global include files...
INFO: [USF-XSim-100] Fetching design files from 'sources_1'...(this may take a while)...
INFO: [USF-XSim-101] Fetching design files from 'sim_1'...
INFO: [USF-XSim-2] XSim::Compile design
INFO: [USF-XSim-61] Executing 'COMPILE and ANALYZE' step in 'E:/lab0601/lab5.sim/sim_1/behav/xsim'
"xvlog --incr --relax -prj assembly_vlog.prj"
INFO: [VRFC 10-2263] Analyzing Verilog file "E:/lab0601/lab5.srcs/sources_1/imports/lab0303/lab0303.srcs/sources_1/new/ALU.v" into library xil_defaultlib
INFO: [VRFC 10-311] analyzing module ALU
INFO: [VRFC 10-2263] Analyzing Verilog file "E:/lab0601/lab5.srcs/sources_1/new/InstMemory.v" into library xil_defaultlib
INFO: [VRFC 10-311] analyzing module InstMemory
INFO: [VRFC 10-2263] Analyzing Verilog file "E:/lab0601/lab5.srcs/sources_1/imports/lab030201/lab030201.srcs/sources_1/new/ctr.v" into library xil_defaultlib
INFO: [VRFC 10-311] analyzing module ALUctr
INFO: [VRFC 10-2263] Analyzing Verilog file "E:/lab0601/lab5.srcs/sources_1/imports/lab0402/lab0402.srcs/sources_1/new/dataMemory.v" into library xil_defaultlib
INFO: [VRFC 10-311] analyzing module dataMemory
INFO: [VRFC 10-2263] Analyzing Verilog file "E:/lab0601/lab5.srcs/sources_1/imports/lab0401/lab0401.srcs/sources_1/new/registers.v" into library xil_defaultlib
INFO: [VRFC 10-311] analyzing module registers
INFO: [VRFC 10-2263] Analyzing Verilog file "E:/lab0601/lab5.srcs/sources_1/imports/lab0403/lab0403.srcs/sources_1/new/signext.v" into library xil_defaultlib
INFO: [VRFC 10-311] analyzing module signext
INFO: [VRFC 10-2263] Analyzing Verilog file "E:/lab0601/lab5.srcs/sources_1/new/Top.v" into library xil_defaultlib
INFO: [VRFC 10-311] analyzing module Top
INFO: [VRFC 10-2263] Analyzing Verilog file "E:/lab0601/lab5.srcs/sources_1/imports/new/Ctr.v" into library xil_defaultlib
INFO: [VRFC 10-311] analyzing module Ctr
INFO: [VRFC 10-2263] Analyzing Verilog file "E:/lab0601/lab5.srcs/sources_1/new/Mux.v" into library xil_defaultlib
INFO: [VRFC 10-311] analyzing module Mux_5
INFO: [VRFC 10-311] analyzing module Mux_32
INFO: [VRFC 10-2263] Analyzing Verilog file "E:/lab0601/lab5.srcs/sim_1/new/assembly.v" into library xil_defaultlib
INFO: [VRFC 10-311] analyzing module assembly
INFO: [USF-XSim-69] 'compile' step finished in '2' seconds
INFO: [USF-XSim-3] XSim::Elaborate design
INFO: [USF-XSim-61] Executing 'ELABORATE' step in 'E:/lab0601/lab5.sim/sim_1/behav/xsim'
Vivado Simulator 2018.3
Copyright 1986-1999, 2001-2018 Xilinx, Inc. All Rights Reserved.
Running: C:/Xilinx_Vivado/Vivado/2018.3/bin/unwrapped/win64.o/xelab.exe -wto 1369337ea1584077a1a2f6ac373e2f54 --incr --debug typical --relax --mt 2 -L xil_defaultlib -L unisims_ver -L unimacro_ver -L secureip --snapshot assembly_behav xil_defaultlib.assembly xil_defaultlib.glbl -log elaborate.log 
Using 2 slave threads.
Starting static elaboration
WARNING: [VRFC 10-3091] actual bit length 6 differs from formal bit length 5 for port 'writeReg' [E:/lab0601/lab5.srcs/sources_1/new/Top.v:119]
Completed static elaboration
Starting simulation data flow analysis
Completed simulation data flow analysis
Time Resolution for simulation is 1ps
Compiling module xil_defaultlib.InstMemory
Compiling module xil_defaultlib.Ctr
Compiling module xil_defaultlib.signext
Compiling module xil_defaultlib.registers
Compiling module xil_defaultlib.ALUctr
Compiling module xil_defaultlib.ALU
Compiling module xil_defaultlib.dataMemory
Compiling module xil_defaultlib.Top
Compiling module xil_defaultlib.assembly
Compiling module xil_defaultlib.glbl
Built simulation snapshot assembly_behav
run_program: Time (s): cpu = 00:00:00 ; elapsed = 00:00:08 . Memory (MB): peak = 949.965 ; gain = 0.000
INFO: [USF-XSim-69] 'elaborate' step finished in '8' seconds
INFO: [USF-XSim-4] XSim::Simulate design
INFO: [USF-XSim-61] Executing 'SIMULATE' step in 'E:/lab0601/lab5.sim/sim_1/behav/xsim'
INFO: [USF-XSim-98] *** Running xsim
   with args "assembly_behav -key {Behavioral:sim_1:Functional:assembly} -tclbatch {assembly.tcl} -view {E:/lab0601/assembly_behav.wcfg} -log {simulate.log}"
INFO: [USF-XSim-8] Loading simulator feature
Vivado Simulator 2018.3
Time resolution is 1 ps
open_wave_config E:/lab0601/assembly_behav.wcfg
source assembly.tcl
# set curr_wave [current_wave_config]
# if { [string length $curr_wave] == 0 } {
#   if { [llength [get_objects]] > 0} {
#     add_wave /
#     set_property needs_save false [current_wave_config]
#   } else {
#      send_msg_id Add_Wave-1 WARNING "No top level signals found. Simulator will start without a wave window. If you want to open a wave window go to 'File->New Waveform Configuration' or type 'create_wave_config' in the TCL console."
#   }
# }
# run 1000ns
INFO: [USF-XSim-96] XSim completed. Design snapshot 'assembly_behav' loaded.
INFO: [USF-XSim-97] XSim simulation ran for 1000ns
launch_simulation: Time (s): cpu = 00:00:02 ; elapsed = 00:00:13 . Memory (MB): peak = 949.965 ; gain = 0.000
close_sim
INFO: [Simtcl 6-16] Simulation closed
close_sim: Time (s): cpu = 00:00:01 ; elapsed = 00:00:07 . Memory (MB): peak = 949.965 ; gain = 0.000
launch_simulation
INFO: [Vivado 12-5682] Launching behavioral simulation in 'E:/lab0601/lab5.sim/sim_1/behav/xsim'
INFO: [SIM-utils-51] Simulation object is 'sim_1'
INFO: [SIM-utils-54] Inspecting design source files for 'assembly' in fileset 'sim_1'...
INFO: [USF-XSim-97] Finding global include files...
INFO: [USF-XSim-100] Fetching design files from 'sources_1'...(this may take a while)...
INFO: [USF-XSim-101] Fetching design files from 'sim_1'...
INFO: [USF-XSim-2] XSim::Compile design
INFO: [USF-XSim-61] Executing 'COMPILE and ANALYZE' step in 'E:/lab0601/lab5.sim/sim_1/behav/xsim'
"xvlog --incr --relax -prj assembly_vlog.prj"
INFO: [VRFC 10-2263] Analyzing Verilog file "E:/lab0601/lab5.srcs/sources_1/imports/lab0303/lab0303.srcs/sources_1/new/ALU.v" into library xil_defaultlib
INFO: [VRFC 10-311] analyzing module ALU
INFO: [VRFC 10-2263] Analyzing Verilog file "E:/lab0601/lab5.srcs/sources_1/new/InstMemory.v" into library xil_defaultlib
INFO: [VRFC 10-311] analyzing module InstMemory
INFO: [VRFC 10-2263] Analyzing Verilog file "E:/lab0601/lab5.srcs/sources_1/imports/lab030201/lab030201.srcs/sources_1/new/ctr.v" into library xil_defaultlib
INFO: [VRFC 10-311] analyzing module ALUctr
INFO: [VRFC 10-2263] Analyzing Verilog file "E:/lab0601/lab5.srcs/sources_1/imports/lab0402/lab0402.srcs/sources_1/new/dataMemory.v" into library xil_defaultlib
INFO: [VRFC 10-311] analyzing module dataMemory
INFO: [VRFC 10-2263] Analyzing Verilog file "E:/lab0601/lab5.srcs/sources_1/imports/lab0401/lab0401.srcs/sources_1/new/registers.v" into library xil_defaultlib
INFO: [VRFC 10-311] analyzing module registers
INFO: [VRFC 10-2263] Analyzing Verilog file "E:/lab0601/lab5.srcs/sources_1/imports/lab0403/lab0403.srcs/sources_1/new/signext.v" into library xil_defaultlib
INFO: [VRFC 10-311] analyzing module signext
INFO: [VRFC 10-2263] Analyzing Verilog file "E:/lab0601/lab5.srcs/sources_1/new/Top.v" into library xil_defaultlib
INFO: [VRFC 10-311] analyzing module Top
INFO: [VRFC 10-2263] Analyzing Verilog file "E:/lab0601/lab5.srcs/sources_1/imports/new/Ctr.v" into library xil_defaultlib
INFO: [VRFC 10-311] analyzing module Ctr
INFO: [VRFC 10-2263] Analyzing Verilog file "E:/lab0601/lab5.srcs/sources_1/new/Mux.v" into library xil_defaultlib
INFO: [VRFC 10-311] analyzing module Mux_5
INFO: [VRFC 10-311] analyzing module Mux_32
INFO: [VRFC 10-2263] Analyzing Verilog file "E:/lab0601/lab5.srcs/sim_1/new/assembly.v" into library xil_defaultlib
INFO: [VRFC 10-311] analyzing module assembly
INFO: [USF-XSim-69] 'compile' step finished in '1' seconds
INFO: [USF-XSim-3] XSim::Elaborate design
INFO: [USF-XSim-61] Executing 'ELABORATE' step in 'E:/lab0601/lab5.sim/sim_1/behav/xsim'
Vivado Simulator 2018.3
Copyright 1986-1999, 2001-2018 Xilinx, Inc. All Rights Reserved.
Running: C:/Xilinx_Vivado/Vivado/2018.3/bin/unwrapped/win64.o/xelab.exe -wto 1369337ea1584077a1a2f6ac373e2f54 --incr --debug typical --relax --mt 2 -L xil_defaultlib -L unisims_ver -L unimacro_ver -L secureip --snapshot assembly_behav xil_defaultlib.assembly xil_defaultlib.glbl -log elaborate.log 
Using 2 slave threads.
Starting static elaboration
WARNING: [VRFC 10-3091] actual bit length 6 differs from formal bit length 5 for port 'writeReg' [E:/lab0601/lab5.srcs/sources_1/new/Top.v:119]
Completed static elaboration
Starting simulation data flow analysis
Completed simulation data flow analysis
Time Resolution for simulation is 1ps
Compiling module xil_defaultlib.InstMemory
Compiling module xil_defaultlib.Ctr
Compiling module xil_defaultlib.signext
Compiling module xil_defaultlib.registers
Compiling module xil_defaultlib.ALUctr
Compiling module xil_defaultlib.ALU
Compiling module xil_defaultlib.dataMemory
Compiling module xil_defaultlib.Top
Compiling module xil_defaultlib.assembly
Compiling module xil_defaultlib.glbl
Built simulation snapshot assembly_behav
run_program: Time (s): cpu = 00:00:00 ; elapsed = 00:00:08 . Memory (MB): peak = 949.965 ; gain = 0.000
INFO: [USF-XSim-69] 'elaborate' step finished in '7' seconds
INFO: [USF-XSim-4] XSim::Simulate design
INFO: [USF-XSim-61] Executing 'SIMULATE' step in 'E:/lab0601/lab5.sim/sim_1/behav/xsim'
INFO: [USF-XSim-98] *** Running xsim
   with args "assembly_behav -key {Behavioral:sim_1:Functional:assembly} -tclbatch {assembly.tcl} -view {E:/lab0601/assembly_behav.wcfg} -log {simulate.log}"
INFO: [USF-XSim-8] Loading simulator feature
Vivado Simulator 2018.3
Time resolution is 1 ps
open_wave_config E:/lab0601/assembly_behav.wcfg
source assembly.tcl
# set curr_wave [current_wave_config]
# if { [string length $curr_wave] == 0 } {
#   if { [llength [get_objects]] > 0} {
#     add_wave /
#     set_property needs_save false [current_wave_config]
#   } else {
#      send_msg_id Add_Wave-1 WARNING "No top level signals found. Simulator will start without a wave window. If you want to open a wave window go to 'File->New Waveform Configuration' or type 'create_wave_config' in the TCL console."
#   }
# }
# run 1000ns
INFO: [USF-XSim-96] XSim completed. Design snapshot 'assembly_behav' loaded.
INFO: [USF-XSim-97] XSim simulation ran for 1000ns
launch_simulation: Time (s): cpu = 00:00:02 ; elapsed = 00:00:13 . Memory (MB): peak = 949.965 ; gain = 0.000
close_sim
INFO: [Simtcl 6-16] Simulation closed
close_sim: Time (s): cpu = 00:00:01 ; elapsed = 00:00:07 . Memory (MB): peak = 949.965 ; gain = 0.000
launch_simulation
INFO: [Vivado 12-5682] Launching behavioral simulation in 'E:/lab0601/lab5.sim/sim_1/behav/xsim'
INFO: [SIM-utils-51] Simulation object is 'sim_1'
INFO: [SIM-utils-54] Inspecting design source files for 'assembly' in fileset 'sim_1'...
INFO: [USF-XSim-97] Finding global include files...
INFO: [USF-XSim-100] Fetching design files from 'sources_1'...(this may take a while)...
INFO: [USF-XSim-101] Fetching design files from 'sim_1'...
INFO: [USF-XSim-2] XSim::Compile design
INFO: [USF-XSim-61] Executing 'COMPILE and ANALYZE' step in 'E:/lab0601/lab5.sim/sim_1/behav/xsim'
"xvlog --incr --relax -prj assembly_vlog.prj"
INFO: [VRFC 10-2263] Analyzing Verilog file "E:/lab0601/lab5.srcs/sources_1/imports/lab0303/lab0303.srcs/sources_1/new/ALU.v" into library xil_defaultlib
INFO: [VRFC 10-311] analyzing module ALU
INFO: [VRFC 10-2263] Analyzing Verilog file "E:/lab0601/lab5.srcs/sources_1/new/InstMemory.v" into library xil_defaultlib
INFO: [VRFC 10-311] analyzing module InstMemory
INFO: [VRFC 10-2263] Analyzing Verilog file "E:/lab0601/lab5.srcs/sources_1/imports/lab030201/lab030201.srcs/sources_1/new/ctr.v" into library xil_defaultlib
INFO: [VRFC 10-311] analyzing module ALUctr
INFO: [VRFC 10-2263] Analyzing Verilog file "E:/lab0601/lab5.srcs/sources_1/imports/lab0402/lab0402.srcs/sources_1/new/dataMemory.v" into library xil_defaultlib
INFO: [VRFC 10-311] analyzing module dataMemory
INFO: [VRFC 10-2263] Analyzing Verilog file "E:/lab0601/lab5.srcs/sources_1/imports/lab0401/lab0401.srcs/sources_1/new/registers.v" into library xil_defaultlib
INFO: [VRFC 10-311] analyzing module registers
INFO: [VRFC 10-2263] Analyzing Verilog file "E:/lab0601/lab5.srcs/sources_1/imports/lab0403/lab0403.srcs/sources_1/new/signext.v" into library xil_defaultlib
INFO: [VRFC 10-311] analyzing module signext
INFO: [VRFC 10-2263] Analyzing Verilog file "E:/lab0601/lab5.srcs/sources_1/new/Top.v" into library xil_defaultlib
INFO: [VRFC 10-311] analyzing module Top
INFO: [VRFC 10-2263] Analyzing Verilog file "E:/lab0601/lab5.srcs/sources_1/imports/new/Ctr.v" into library xil_defaultlib
INFO: [VRFC 10-311] analyzing module Ctr
INFO: [VRFC 10-2263] Analyzing Verilog file "E:/lab0601/lab5.srcs/sources_1/new/Mux.v" into library xil_defaultlib
INFO: [VRFC 10-311] analyzing module Mux_5
INFO: [VRFC 10-311] analyzing module Mux_32
INFO: [VRFC 10-2263] Analyzing Verilog file "E:/lab0601/lab5.srcs/sim_1/new/assembly.v" into library xil_defaultlib
INFO: [VRFC 10-311] analyzing module assembly
INFO: [USF-XSim-69] 'compile' step finished in '1' seconds
INFO: [USF-XSim-3] XSim::Elaborate design
INFO: [USF-XSim-61] Executing 'ELABORATE' step in 'E:/lab0601/lab5.sim/sim_1/behav/xsim'
Vivado Simulator 2018.3
Copyright 1986-1999, 2001-2018 Xilinx, Inc. All Rights Reserved.
Running: C:/Xilinx_Vivado/Vivado/2018.3/bin/unwrapped/win64.o/xelab.exe -wto 1369337ea1584077a1a2f6ac373e2f54 --incr --debug typical --relax --mt 2 -L xil_defaultlib -L unisims_ver -L unimacro_ver -L secureip --snapshot assembly_behav xil_defaultlib.assembly xil_defaultlib.glbl -log elaborate.log 
Using 2 slave threads.
Starting static elaboration
WARNING: [VRFC 10-3091] actual bit length 6 differs from formal bit length 5 for port 'writeReg' [E:/lab0601/lab5.srcs/sources_1/new/Top.v:119]
Completed static elaboration
Starting simulation data flow analysis
Completed simulation data flow analysis
Time Resolution for simulation is 1ps
Compiling module xil_defaultlib.InstMemory
Compiling module xil_defaultlib.Ctr
Compiling module xil_defaultlib.signext
Compiling module xil_defaultlib.registers
Compiling module xil_defaultlib.ALUctr
Compiling module xil_defaultlib.ALU
Compiling module xil_defaultlib.dataMemory
Compiling module xil_defaultlib.Top
Compiling module xil_defaultlib.assembly
Compiling module xil_defaultlib.glbl
Built simulation snapshot assembly_behav
run_program: Time (s): cpu = 00:00:00 ; elapsed = 00:00:08 . Memory (MB): peak = 949.965 ; gain = 0.000
INFO: [USF-XSim-69] 'elaborate' step finished in '8' seconds
INFO: [USF-XSim-4] XSim::Simulate design
INFO: [USF-XSim-61] Executing 'SIMULATE' step in 'E:/lab0601/lab5.sim/sim_1/behav/xsim'
INFO: [USF-XSim-98] *** Running xsim
   with args "assembly_behav -key {Behavioral:sim_1:Functional:assembly} -tclbatch {assembly.tcl} -view {E:/lab0601/assembly_behav.wcfg} -log {simulate.log}"
INFO: [USF-XSim-8] Loading simulator feature
Vivado Simulator 2018.3
Time resolution is 1 ps
open_wave_config E:/lab0601/assembly_behav.wcfg
source assembly.tcl
# set curr_wave [current_wave_config]
# if { [string length $curr_wave] == 0 } {
#   if { [llength [get_objects]] > 0} {
#     add_wave /
#     set_property needs_save false [current_wave_config]
#   } else {
#      send_msg_id Add_Wave-1 WARNING "No top level signals found. Simulator will start without a wave window. If you want to open a wave window go to 'File->New Waveform Configuration' or type 'create_wave_config' in the TCL console."
#   }
# }
# run 1000ns
INFO: [USF-XSim-96] XSim completed. Design snapshot 'assembly_behav' loaded.
INFO: [USF-XSim-97] XSim simulation ran for 1000ns
launch_simulation: Time (s): cpu = 00:00:02 ; elapsed = 00:00:13 . Memory (MB): peak = 949.965 ; gain = 0.000
close_sim
INFO: [Simtcl 6-16] Simulation closed
close_sim: Time (s): cpu = 00:00:01 ; elapsed = 00:00:07 . Memory (MB): peak = 949.965 ; gain = 0.000
launch_simulation
INFO: [Vivado 12-5682] Launching behavioral simulation in 'E:/lab0601/lab5.sim/sim_1/behav/xsim'
INFO: [SIM-utils-51] Simulation object is 'sim_1'
INFO: [SIM-utils-54] Inspecting design source files for 'assembly' in fileset 'sim_1'...
INFO: [USF-XSim-97] Finding global include files...
INFO: [USF-XSim-100] Fetching design files from 'sources_1'...(this may take a while)...
INFO: [USF-XSim-101] Fetching design files from 'sim_1'...
INFO: [USF-XSim-2] XSim::Compile design
INFO: [USF-XSim-61] Executing 'COMPILE and ANALYZE' step in 'E:/lab0601/lab5.sim/sim_1/behav/xsim'
"xvlog --incr --relax -prj assembly_vlog.prj"
INFO: [VRFC 10-2263] Analyzing Verilog file "E:/lab0601/lab5.srcs/sources_1/imports/lab0303/lab0303.srcs/sources_1/new/ALU.v" into library xil_defaultlib
INFO: [VRFC 10-311] analyzing module ALU
INFO: [VRFC 10-2263] Analyzing Verilog file "E:/lab0601/lab5.srcs/sources_1/new/InstMemory.v" into library xil_defaultlib
INFO: [VRFC 10-311] analyzing module InstMemory
INFO: [VRFC 10-2263] Analyzing Verilog file "E:/lab0601/lab5.srcs/sources_1/imports/lab030201/lab030201.srcs/sources_1/new/ctr.v" into library xil_defaultlib
INFO: [VRFC 10-311] analyzing module ALUctr
INFO: [VRFC 10-2263] Analyzing Verilog file "E:/lab0601/lab5.srcs/sources_1/imports/lab0402/lab0402.srcs/sources_1/new/dataMemory.v" into library xil_defaultlib
INFO: [VRFC 10-311] analyzing module dataMemory
INFO: [VRFC 10-2263] Analyzing Verilog file "E:/lab0601/lab5.srcs/sources_1/imports/lab0401/lab0401.srcs/sources_1/new/registers.v" into library xil_defaultlib
INFO: [VRFC 10-311] analyzing module registers
INFO: [VRFC 10-2263] Analyzing Verilog file "E:/lab0601/lab5.srcs/sources_1/imports/lab0403/lab0403.srcs/sources_1/new/signext.v" into library xil_defaultlib
INFO: [VRFC 10-311] analyzing module signext
INFO: [VRFC 10-2263] Analyzing Verilog file "E:/lab0601/lab5.srcs/sources_1/new/Top.v" into library xil_defaultlib
INFO: [VRFC 10-311] analyzing module Top
ERROR: [VRFC 10-2989] 'PC_WRITE' is not declared [E:/lab0601/lab5.srcs/sources_1/new/Top.v:85]
ERROR: [VRFC 10-2865] module 'Top' ignored due to previous errors [E:/lab0601/lab5.srcs/sources_1/new/Top.v:23]
INFO: [USF-XSim-69] 'compile' step finished in '1' seconds
INFO: [USF-XSim-99] Step results log file:'E:/lab0601/lab5.sim/sim_1/behav/xsim/xvlog.log'
ERROR: [USF-XSim-62] 'compile' step failed with error(s). Please check the Tcl console output or 'E:/lab0601/lab5.sim/sim_1/behav/xsim/xvlog.log' file for more information.
ERROR: [Vivado 12-4473] Detected error while running simulation. Please correct the issue and retry this operation.
ERROR: [Common 17-39] 'launch_simulation' failed due to earlier errors.
launch_simulation
INFO: [Vivado 12-5682] Launching behavioral simulation in 'E:/lab0601/lab5.sim/sim_1/behav/xsim'
INFO: [SIM-utils-51] Simulation object is 'sim_1'
INFO: [SIM-utils-54] Inspecting design source files for 'assembly' in fileset 'sim_1'...
INFO: [USF-XSim-97] Finding global include files...
INFO: [USF-XSim-100] Fetching design files from 'sources_1'...(this may take a while)...
INFO: [USF-XSim-101] Fetching design files from 'sim_1'...
INFO: [USF-XSim-2] XSim::Compile design
INFO: [USF-XSim-61] Executing 'COMPILE and ANALYZE' step in 'E:/lab0601/lab5.sim/sim_1/behav/xsim'
"xvlog --incr --relax -prj assembly_vlog.prj"
INFO: [VRFC 10-2263] Analyzing Verilog file "E:/lab0601/lab5.srcs/sources_1/imports/lab0303/lab0303.srcs/sources_1/new/ALU.v" into library xil_defaultlib
INFO: [VRFC 10-311] analyzing module ALU
INFO: [VRFC 10-2263] Analyzing Verilog file "E:/lab0601/lab5.srcs/sources_1/new/InstMemory.v" into library xil_defaultlib
INFO: [VRFC 10-311] analyzing module InstMemory
INFO: [VRFC 10-2263] Analyzing Verilog file "E:/lab0601/lab5.srcs/sources_1/imports/lab030201/lab030201.srcs/sources_1/new/ctr.v" into library xil_defaultlib
INFO: [VRFC 10-311] analyzing module ALUctr
INFO: [VRFC 10-2263] Analyzing Verilog file "E:/lab0601/lab5.srcs/sources_1/imports/lab0402/lab0402.srcs/sources_1/new/dataMemory.v" into library xil_defaultlib
INFO: [VRFC 10-311] analyzing module dataMemory
INFO: [VRFC 10-2263] Analyzing Verilog file "E:/lab0601/lab5.srcs/sources_1/imports/lab0401/lab0401.srcs/sources_1/new/registers.v" into library xil_defaultlib
INFO: [VRFC 10-311] analyzing module registers
INFO: [VRFC 10-2263] Analyzing Verilog file "E:/lab0601/lab5.srcs/sources_1/imports/lab0403/lab0403.srcs/sources_1/new/signext.v" into library xil_defaultlib
INFO: [VRFC 10-311] analyzing module signext
INFO: [VRFC 10-2263] Analyzing Verilog file "E:/lab0601/lab5.srcs/sources_1/new/Top.v" into library xil_defaultlib
INFO: [VRFC 10-311] analyzing module Top
INFO: [VRFC 10-2263] Analyzing Verilog file "E:/lab0601/lab5.srcs/sources_1/imports/new/Ctr.v" into library xil_defaultlib
INFO: [VRFC 10-311] analyzing module Ctr
INFO: [VRFC 10-2263] Analyzing Verilog file "E:/lab0601/lab5.srcs/sources_1/new/Mux.v" into library xil_defaultlib
INFO: [VRFC 10-311] analyzing module Mux_5
INFO: [VRFC 10-311] analyzing module Mux_32
INFO: [VRFC 10-2263] Analyzing Verilog file "E:/lab0601/lab5.srcs/sim_1/new/assembly.v" into library xil_defaultlib
INFO: [VRFC 10-311] analyzing module assembly
INFO: [USF-XSim-69] 'compile' step finished in '1' seconds
INFO: [USF-XSim-3] XSim::Elaborate design
INFO: [USF-XSim-61] Executing 'ELABORATE' step in 'E:/lab0601/lab5.sim/sim_1/behav/xsim'
Vivado Simulator 2018.3
Copyright 1986-1999, 2001-2018 Xilinx, Inc. All Rights Reserved.
Running: C:/Xilinx_Vivado/Vivado/2018.3/bin/unwrapped/win64.o/xelab.exe -wto 1369337ea1584077a1a2f6ac373e2f54 --incr --debug typical --relax --mt 2 -L xil_defaultlib -L unisims_ver -L unimacro_ver -L secureip --snapshot assembly_behav xil_defaultlib.assembly xil_defaultlib.glbl -log elaborate.log 
Using 2 slave threads.
Starting static elaboration
WARNING: [VRFC 10-3091] actual bit length 6 differs from formal bit length 5 for port 'writeReg' [E:/lab0601/lab5.srcs/sources_1/new/Top.v:119]
Completed static elaboration
Starting simulation data flow analysis
Completed simulation data flow analysis
Time Resolution for simulation is 1ps
Compiling module xil_defaultlib.InstMemory
Compiling module xil_defaultlib.Ctr
Compiling module xil_defaultlib.signext
Compiling module xil_defaultlib.registers
Compiling module xil_defaultlib.ALUctr
Compiling module xil_defaultlib.ALU
Compiling module xil_defaultlib.dataMemory
Compiling module xil_defaultlib.Top
Compiling module xil_defaultlib.assembly
Compiling module xil_defaultlib.glbl
Built simulation snapshot assembly_behav
run_program: Time (s): cpu = 00:00:00 ; elapsed = 00:00:08 . Memory (MB): peak = 949.965 ; gain = 0.000
INFO: [USF-XSim-69] 'elaborate' step finished in '8' seconds
INFO: [USF-XSim-4] XSim::Simulate design
INFO: [USF-XSim-61] Executing 'SIMULATE' step in 'E:/lab0601/lab5.sim/sim_1/behav/xsim'
INFO: [USF-XSim-98] *** Running xsim
   with args "assembly_behav -key {Behavioral:sim_1:Functional:assembly} -tclbatch {assembly.tcl} -view {E:/lab0601/assembly_behav.wcfg} -log {simulate.log}"
INFO: [USF-XSim-8] Loading simulator feature
Vivado Simulator 2018.3
Time resolution is 1 ps
open_wave_config E:/lab0601/assembly_behav.wcfg
WARNING: Simulation object /assembly/u/PC_WRITE was not found in the design.
source assembly.tcl
# set curr_wave [current_wave_config]
# if { [string length $curr_wave] == 0 } {
#   if { [llength [get_objects]] > 0} {
#     add_wave /
#     set_property needs_save false [current_wave_config]
#   } else {
#      send_msg_id Add_Wave-1 WARNING "No top level signals found. Simulator will start without a wave window. If you want to open a wave window go to 'File->New Waveform Configuration' or type 'create_wave_config' in the TCL console."
#   }
# }
# run 1000ns
INFO: [USF-XSim-96] XSim completed. Design snapshot 'assembly_behav' loaded.
INFO: [USF-XSim-97] XSim simulation ran for 1000ns
launch_simulation: Time (s): cpu = 00:00:05 ; elapsed = 00:00:14 . Memory (MB): peak = 949.965 ; gain = 0.000
close_sim
INFO: [Common 17-41] Interrupt caught. Command should exit soon.
INFO: [Simtcl 6-16] Simulation closed
close_sim: Time (s): cpu = 00:00:01 ; elapsed = 00:00:07 . Memory (MB): peak = 949.965 ; gain = 0.000
INFO: [Common 17-344] 'close_sim' was cancelled
launch_simulation
INFO: [Vivado 12-5682] Launching behavioral simulation in 'E:/lab0601/lab5.sim/sim_1/behav/xsim'
INFO: [SIM-utils-51] Simulation object is 'sim_1'
INFO: [SIM-utils-54] Inspecting design source files for 'assembly' in fileset 'sim_1'...
INFO: [USF-XSim-97] Finding global include files...
INFO: [USF-XSim-100] Fetching design files from 'sources_1'...(this may take a while)...
INFO: [USF-XSim-101] Fetching design files from 'sim_1'...
INFO: [USF-XSim-2] XSim::Compile design
INFO: [USF-XSim-61] Executing 'COMPILE and ANALYZE' step in 'E:/lab0601/lab5.sim/sim_1/behav/xsim'
"xvlog --incr --relax -prj assembly_vlog.prj"
INFO: [VRFC 10-2263] Analyzing Verilog file "E:/lab0601/lab5.srcs/sources_1/imports/lab0303/lab0303.srcs/sources_1/new/ALU.v" into library xil_defaultlib
INFO: [VRFC 10-311] analyzing module ALU
INFO: [VRFC 10-2263] Analyzing Verilog file "E:/lab0601/lab5.srcs/sources_1/new/InstMemory.v" into library xil_defaultlib
INFO: [VRFC 10-311] analyzing module InstMemory
INFO: [VRFC 10-2263] Analyzing Verilog file "E:/lab0601/lab5.srcs/sources_1/imports/lab030201/lab030201.srcs/sources_1/new/ctr.v" into library xil_defaultlib
INFO: [VRFC 10-311] analyzing module ALUctr
INFO: [VRFC 10-2263] Analyzing Verilog file "E:/lab0601/lab5.srcs/sources_1/imports/lab0402/lab0402.srcs/sources_1/new/dataMemory.v" into library xil_defaultlib
INFO: [VRFC 10-311] analyzing module dataMemory
INFO: [VRFC 10-2263] Analyzing Verilog file "E:/lab0601/lab5.srcs/sources_1/imports/lab0401/lab0401.srcs/sources_1/new/registers.v" into library xil_defaultlib
INFO: [VRFC 10-311] analyzing module registers
INFO: [VRFC 10-2263] Analyzing Verilog file "E:/lab0601/lab5.srcs/sources_1/imports/lab0403/lab0403.srcs/sources_1/new/signext.v" into library xil_defaultlib
INFO: [VRFC 10-311] analyzing module signext
INFO: [VRFC 10-2263] Analyzing Verilog file "E:/lab0601/lab5.srcs/sources_1/new/Top.v" into library xil_defaultlib
INFO: [VRFC 10-311] analyzing module Top
INFO: [VRFC 10-2263] Analyzing Verilog file "E:/lab0601/lab5.srcs/sources_1/imports/new/Ctr.v" into library xil_defaultlib
INFO: [VRFC 10-311] analyzing module Ctr
INFO: [VRFC 10-2263] Analyzing Verilog file "E:/lab0601/lab5.srcs/sources_1/new/Mux.v" into library xil_defaultlib
INFO: [VRFC 10-311] analyzing module Mux_5
INFO: [VRFC 10-311] analyzing module Mux_32
INFO: [VRFC 10-2263] Analyzing Verilog file "E:/lab0601/lab5.srcs/sim_1/new/assembly.v" into library xil_defaultlib
INFO: [VRFC 10-311] analyzing module assembly
INFO: [USF-XSim-69] 'compile' step finished in '1' seconds
INFO: [USF-XSim-3] XSim::Elaborate design
INFO: [USF-XSim-61] Executing 'ELABORATE' step in 'E:/lab0601/lab5.sim/sim_1/behav/xsim'
Vivado Simulator 2018.3
Copyright 1986-1999, 2001-2018 Xilinx, Inc. All Rights Reserved.
Running: C:/Xilinx_Vivado/Vivado/2018.3/bin/unwrapped/win64.o/xelab.exe -wto 1369337ea1584077a1a2f6ac373e2f54 --incr --debug typical --relax --mt 2 -L xil_defaultlib -L unisims_ver -L unimacro_ver -L secureip --snapshot assembly_behav xil_defaultlib.assembly xil_defaultlib.glbl -log elaborate.log 
Using 2 slave threads.
Starting static elaboration
WARNING: [VRFC 10-3091] actual bit length 6 differs from formal bit length 5 for port 'writeReg' [E:/lab0601/lab5.srcs/sources_1/new/Top.v:119]
Completed static elaboration
Starting simulation data flow analysis
Completed simulation data flow analysis
Time Resolution for simulation is 1ps
Compiling module xil_defaultlib.InstMemory
Compiling module xil_defaultlib.Ctr
Compiling module xil_defaultlib.signext
Compiling module xil_defaultlib.registers
Compiling module xil_defaultlib.ALUctr
Compiling module xil_defaultlib.ALU
Compiling module xil_defaultlib.dataMemory
Compiling module xil_defaultlib.Top
Compiling module xil_defaultlib.assembly
Compiling module xil_defaultlib.glbl
Built simulation snapshot assembly_behav
run_program: Time (s): cpu = 00:00:01 ; elapsed = 00:00:08 . Memory (MB): peak = 949.965 ; gain = 0.000
INFO: [USF-XSim-69] 'elaborate' step finished in '8' seconds
INFO: [USF-XSim-4] XSim::Simulate design
INFO: [USF-XSim-61] Executing 'SIMULATE' step in 'E:/lab0601/lab5.sim/sim_1/behav/xsim'
INFO: [USF-XSim-98] *** Running xsim
   with args "assembly_behav -key {Behavioral:sim_1:Functional:assembly} -tclbatch {assembly.tcl} -view {E:/lab0601/assembly_behav.wcfg} -log {simulate.log}"
INFO: [USF-XSim-8] Loading simulator feature
Vivado Simulator 2018.3
Time resolution is 1 ps
open_wave_config E:/lab0601/assembly_behav.wcfg
WARNING: Simulation object /assembly/u/PC_WRITE was not found in the design.
source assembly.tcl
# set curr_wave [current_wave_config]
# if { [string length $curr_wave] == 0 } {
#   if { [llength [get_objects]] > 0} {
#     add_wave /
#     set_property needs_save false [current_wave_config]
#   } else {
#      send_msg_id Add_Wave-1 WARNING "No top level signals found. Simulator will start without a wave window. If you want to open a wave window go to 'File->New Waveform Configuration' or type 'create_wave_config' in the TCL console."
#   }
# }
# run 1000ns
INFO: [USF-XSim-96] XSim completed. Design snapshot 'assembly_behav' loaded.
INFO: [USF-XSim-97] XSim simulation ran for 1000ns
launch_simulation: Time (s): cpu = 00:00:03 ; elapsed = 00:00:14 . Memory (MB): peak = 949.965 ; gain = 0.000
close_sim
INFO: [Simtcl 6-16] Simulation closed
close_sim: Time (s): cpu = 00:00:00 ; elapsed = 00:00:08 . Memory (MB): peak = 949.965 ; gain = 0.000
launch_simulation
INFO: [Vivado 12-5682] Launching behavioral simulation in 'E:/lab0601/lab5.sim/sim_1/behav/xsim'
INFO: [SIM-utils-51] Simulation object is 'sim_1'
INFO: [SIM-utils-54] Inspecting design source files for 'assembly' in fileset 'sim_1'...
INFO: [USF-XSim-97] Finding global include files...
INFO: [USF-XSim-100] Fetching design files from 'sources_1'...(this may take a while)...
INFO: [USF-XSim-101] Fetching design files from 'sim_1'...
INFO: [USF-XSim-2] XSim::Compile design
INFO: [USF-XSim-61] Executing 'COMPILE and ANALYZE' step in 'E:/lab0601/lab5.sim/sim_1/behav/xsim'
"xvlog --incr --relax -prj assembly_vlog.prj"
INFO: [VRFC 10-2263] Analyzing Verilog file "E:/lab0601/lab5.srcs/sources_1/imports/lab0303/lab0303.srcs/sources_1/new/ALU.v" into library xil_defaultlib
INFO: [VRFC 10-311] analyzing module ALU
INFO: [VRFC 10-2263] Analyzing Verilog file "E:/lab0601/lab5.srcs/sources_1/new/InstMemory.v" into library xil_defaultlib
INFO: [VRFC 10-311] analyzing module InstMemory
INFO: [VRFC 10-2263] Analyzing Verilog file "E:/lab0601/lab5.srcs/sources_1/imports/lab030201/lab030201.srcs/sources_1/new/ctr.v" into library xil_defaultlib
INFO: [VRFC 10-311] analyzing module ALUctr
INFO: [VRFC 10-2263] Analyzing Verilog file "E:/lab0601/lab5.srcs/sources_1/imports/lab0402/lab0402.srcs/sources_1/new/dataMemory.v" into library xil_defaultlib
INFO: [VRFC 10-311] analyzing module dataMemory
INFO: [VRFC 10-2263] Analyzing Verilog file "E:/lab0601/lab5.srcs/sources_1/imports/lab0401/lab0401.srcs/sources_1/new/registers.v" into library xil_defaultlib
INFO: [VRFC 10-311] analyzing module registers
INFO: [VRFC 10-2263] Analyzing Verilog file "E:/lab0601/lab5.srcs/sources_1/imports/lab0403/lab0403.srcs/sources_1/new/signext.v" into library xil_defaultlib
INFO: [VRFC 10-311] analyzing module signext
INFO: [VRFC 10-2263] Analyzing Verilog file "E:/lab0601/lab5.srcs/sources_1/new/Top.v" into library xil_defaultlib
INFO: [VRFC 10-311] analyzing module Top
INFO: [VRFC 10-2263] Analyzing Verilog file "E:/lab0601/lab5.srcs/sources_1/imports/new/Ctr.v" into library xil_defaultlib
INFO: [VRFC 10-311] analyzing module Ctr
INFO: [VRFC 10-2263] Analyzing Verilog file "E:/lab0601/lab5.srcs/sources_1/new/Mux.v" into library xil_defaultlib
INFO: [VRFC 10-311] analyzing module Mux_5
INFO: [VRFC 10-311] analyzing module Mux_32
INFO: [VRFC 10-2263] Analyzing Verilog file "E:/lab0601/lab5.srcs/sim_1/new/assembly.v" into library xil_defaultlib
INFO: [VRFC 10-311] analyzing module assembly
INFO: [USF-XSim-69] 'compile' step finished in '1' seconds
INFO: [USF-XSim-3] XSim::Elaborate design
INFO: [USF-XSim-61] Executing 'ELABORATE' step in 'E:/lab0601/lab5.sim/sim_1/behav/xsim'
Vivado Simulator 2018.3
Copyright 1986-1999, 2001-2018 Xilinx, Inc. All Rights Reserved.
Running: C:/Xilinx_Vivado/Vivado/2018.3/bin/unwrapped/win64.o/xelab.exe -wto 1369337ea1584077a1a2f6ac373e2f54 --incr --debug typical --relax --mt 2 -L xil_defaultlib -L unisims_ver -L unimacro_ver -L secureip --snapshot assembly_behav xil_defaultlib.assembly xil_defaultlib.glbl -log elaborate.log 
Using 2 slave threads.
Starting static elaboration
WARNING: [VRFC 10-3091] actual bit length 6 differs from formal bit length 5 for port 'writeReg' [E:/lab0601/lab5.srcs/sources_1/new/Top.v:119]
Completed static elaboration
Starting simulation data flow analysis
Completed simulation data flow analysis
Time Resolution for simulation is 1ps
Compiling module xil_defaultlib.InstMemory
Compiling module xil_defaultlib.Ctr
Compiling module xil_defaultlib.signext
Compiling module xil_defaultlib.registers
Compiling module xil_defaultlib.ALUctr
Compiling module xil_defaultlib.ALU
Compiling module xil_defaultlib.dataMemory
Compiling module xil_defaultlib.Top
Compiling module xil_defaultlib.assembly
Compiling module xil_defaultlib.glbl
Built simulation snapshot assembly_behav
run_program: Time (s): cpu = 00:00:00 ; elapsed = 00:00:08 . Memory (MB): peak = 949.965 ; gain = 0.000
INFO: [USF-XSim-69] 'elaborate' step finished in '9' seconds
INFO: [USF-XSim-4] XSim::Simulate design
INFO: [USF-XSim-61] Executing 'SIMULATE' step in 'E:/lab0601/lab5.sim/sim_1/behav/xsim'
INFO: [USF-XSim-98] *** Running xsim
   with args "assembly_behav -key {Behavioral:sim_1:Functional:assembly} -tclbatch {assembly.tcl} -view {E:/lab0601/assembly_behav.wcfg} -log {simulate.log}"
INFO: [USF-XSim-8] Loading simulator feature
Vivado Simulator 2018.3
Time resolution is 1 ps
open_wave_config E:/lab0601/assembly_behav.wcfg
WARNING: Simulation object /assembly/u/PC_WRITE was not found in the design.
source assembly.tcl
# set curr_wave [current_wave_config]
# if { [string length $curr_wave] == 0 } {
#   if { [llength [get_objects]] > 0} {
#     add_wave /
#     set_property needs_save false [current_wave_config]
#   } else {
#      send_msg_id Add_Wave-1 WARNING "No top level signals found. Simulator will start without a wave window. If you want to open a wave window go to 'File->New Waveform Configuration' or type 'create_wave_config' in the TCL console."
#   }
# }
# run 1000ns
INFO: [USF-XSim-96] XSim completed. Design snapshot 'assembly_behav' loaded.
INFO: [USF-XSim-97] XSim simulation ran for 1000ns
launch_simulation: Time (s): cpu = 00:00:03 ; elapsed = 00:00:14 . Memory (MB): peak = 949.965 ; gain = 0.000
close_sim
INFO: [Simtcl 6-16] Simulation closed
close_sim: Time (s): cpu = 00:00:01 ; elapsed = 00:00:07 . Memory (MB): peak = 949.965 ; gain = 0.000
launch_simulation
INFO: [Vivado 12-5682] Launching behavioral simulation in 'E:/lab0601/lab5.sim/sim_1/behav/xsim'
INFO: [SIM-utils-51] Simulation object is 'sim_1'
INFO: [SIM-utils-54] Inspecting design source files for 'assembly' in fileset 'sim_1'...
INFO: [USF-XSim-97] Finding global include files...
INFO: [USF-XSim-100] Fetching design files from 'sources_1'...(this may take a while)...
INFO: [USF-XSim-101] Fetching design files from 'sim_1'...
INFO: [USF-XSim-2] XSim::Compile design
INFO: [USF-XSim-61] Executing 'COMPILE and ANALYZE' step in 'E:/lab0601/lab5.sim/sim_1/behav/xsim'
"xvlog --incr --relax -prj assembly_vlog.prj"
INFO: [VRFC 10-2263] Analyzing Verilog file "E:/lab0601/lab5.srcs/sources_1/imports/lab0303/lab0303.srcs/sources_1/new/ALU.v" into library xil_defaultlib
INFO: [VRFC 10-311] analyzing module ALU
INFO: [VRFC 10-2263] Analyzing Verilog file "E:/lab0601/lab5.srcs/sources_1/new/InstMemory.v" into library xil_defaultlib
INFO: [VRFC 10-311] analyzing module InstMemory
INFO: [VRFC 10-2263] Analyzing Verilog file "E:/lab0601/lab5.srcs/sources_1/imports/lab030201/lab030201.srcs/sources_1/new/ctr.v" into library xil_defaultlib
INFO: [VRFC 10-311] analyzing module ALUctr
INFO: [VRFC 10-2263] Analyzing Verilog file "E:/lab0601/lab5.srcs/sources_1/imports/lab0402/lab0402.srcs/sources_1/new/dataMemory.v" into library xil_defaultlib
INFO: [VRFC 10-311] analyzing module dataMemory
INFO: [VRFC 10-2263] Analyzing Verilog file "E:/lab0601/lab5.srcs/sources_1/imports/lab0401/lab0401.srcs/sources_1/new/registers.v" into library xil_defaultlib
INFO: [VRFC 10-311] analyzing module registers
INFO: [VRFC 10-2263] Analyzing Verilog file "E:/lab0601/lab5.srcs/sources_1/imports/lab0403/lab0403.srcs/sources_1/new/signext.v" into library xil_defaultlib
INFO: [VRFC 10-311] analyzing module signext
INFO: [VRFC 10-2263] Analyzing Verilog file "E:/lab0601/lab5.srcs/sources_1/new/Top.v" into library xil_defaultlib
INFO: [VRFC 10-311] analyzing module Top
INFO: [VRFC 10-2263] Analyzing Verilog file "E:/lab0601/lab5.srcs/sources_1/imports/new/Ctr.v" into library xil_defaultlib
INFO: [VRFC 10-311] analyzing module Ctr
INFO: [VRFC 10-2263] Analyzing Verilog file "E:/lab0601/lab5.srcs/sources_1/new/Mux.v" into library xil_defaultlib
INFO: [VRFC 10-311] analyzing module Mux_5
INFO: [VRFC 10-311] analyzing module Mux_32
INFO: [VRFC 10-2263] Analyzing Verilog file "E:/lab0601/lab5.srcs/sim_1/new/assembly.v" into library xil_defaultlib
INFO: [VRFC 10-311] analyzing module assembly
INFO: [USF-XSim-69] 'compile' step finished in '1' seconds
INFO: [USF-XSim-3] XSim::Elaborate design
INFO: [USF-XSim-61] Executing 'ELABORATE' step in 'E:/lab0601/lab5.sim/sim_1/behav/xsim'
Vivado Simulator 2018.3
Copyright 1986-1999, 2001-2018 Xilinx, Inc. All Rights Reserved.
Running: C:/Xilinx_Vivado/Vivado/2018.3/bin/unwrapped/win64.o/xelab.exe -wto 1369337ea1584077a1a2f6ac373e2f54 --incr --debug typical --relax --mt 2 -L xil_defaultlib -L unisims_ver -L unimacro_ver -L secureip --snapshot assembly_behav xil_defaultlib.assembly xil_defaultlib.glbl -log elaborate.log 
Using 2 slave threads.
Starting static elaboration
WARNING: [VRFC 10-3091] actual bit length 6 differs from formal bit length 5 for port 'writeReg' [E:/lab0601/lab5.srcs/sources_1/new/Top.v:119]
Completed static elaboration
Starting simulation data flow analysis
Completed simulation data flow analysis
Time Resolution for simulation is 1ps
Compiling module xil_defaultlib.InstMemory
Compiling module xil_defaultlib.Ctr
Compiling module xil_defaultlib.signext
Compiling module xil_defaultlib.registers
Compiling module xil_defaultlib.ALUctr
Compiling module xil_defaultlib.ALU
Compiling module xil_defaultlib.dataMemory
Compiling module xil_defaultlib.Top
Compiling module xil_defaultlib.assembly
Compiling module xil_defaultlib.glbl
Built simulation snapshot assembly_behav
run_program: Time (s): cpu = 00:00:00 ; elapsed = 00:00:08 . Memory (MB): peak = 949.965 ; gain = 0.000
INFO: [USF-XSim-69] 'elaborate' step finished in '8' seconds
INFO: [USF-XSim-4] XSim::Simulate design
INFO: [USF-XSim-61] Executing 'SIMULATE' step in 'E:/lab0601/lab5.sim/sim_1/behav/xsim'
INFO: [USF-XSim-98] *** Running xsim
   with args "assembly_behav -key {Behavioral:sim_1:Functional:assembly} -tclbatch {assembly.tcl} -view {E:/lab0601/assembly_behav.wcfg} -log {simulate.log}"
INFO: [USF-XSim-8] Loading simulator feature
Vivado Simulator 2018.3
Time resolution is 1 ps
open_wave_config E:/lab0601/assembly_behav.wcfg
WARNING: Simulation object /assembly/u/PC_WRITE was not found in the design.
source assembly.tcl
# set curr_wave [current_wave_config]
# if { [string length $curr_wave] == 0 } {
#   if { [llength [get_objects]] > 0} {
#     add_wave /
#     set_property needs_save false [current_wave_config]
#   } else {
#      send_msg_id Add_Wave-1 WARNING "No top level signals found. Simulator will start without a wave window. If you want to open a wave window go to 'File->New Waveform Configuration' or type 'create_wave_config' in the TCL console."
#   }
# }
# run 1000ns
INFO: [USF-XSim-96] XSim completed. Design snapshot 'assembly_behav' loaded.
INFO: [USF-XSim-97] XSim simulation ran for 1000ns
launch_simulation: Time (s): cpu = 00:00:02 ; elapsed = 00:00:13 . Memory (MB): peak = 949.965 ; gain = 0.000
close_sim
INFO: [Simtcl 6-16] Simulation closed
close_sim: Time (s): cpu = 00:00:01 ; elapsed = 00:00:08 . Memory (MB): peak = 949.965 ; gain = 0.000
exit
INFO: [Common 17-206] Exiting Vivado at Wed Jun 19 11:40:58 2019...
