#-----------------------------------------------------------
# Vivado v2018.3 (64-bit)
# SW Build 2405991 on Thu Dec  6 23:38:27 MST 2018
# IP Build 2404404 on Fri Dec  7 01:43:56 MST 2018
# Start of session at: Wed Jun 19 14:47:10 2019
# Process ID: 5452
# Current directory: E:/lab0601
# Command line: vivado.exe -gui_launcher_event rodinguilauncherevent4288 E:\lab0601\lab5.xpr
# Log file: E:/lab0601/vivado.log
# Journal file: E:/lab0601\vivado.jou
#-----------------------------------------------------------
start_gui
open_project E:/lab0601/lab5.xpr
Scanning sources...
Finished scanning sources
INFO: [IP_Flow 19-234] Refreshing IP repositories
INFO: [IP_Flow 19-1704] No user IP repositories specified
INFO: [IP_Flow 19-2313] Loaded Vivado IP repository 'C:/Xilinx_Vivado/Vivado/2018.3/data/ip'.
open_project: Time (s): cpu = 00:00:14 ; elapsed = 00:00:06 . Memory (MB): peak = 774.852 ; gain = 151.332
exit
INFO: [Common 17-206] Exiting Vivado at Wed Jun 19 14:51:24 2019...
