#-----------------------------------------------------------
# Vivado v2018.3 (64-bit)
# SW Build 2405991 on Thu Dec  6 23:38:27 MST 2018
# IP Build 2404404 on Fri Dec  7 01:43:56 MST 2018
# Start of session at: Wed May 29 08:22:51 2019
# Process ID: 2124
# Current directory: E:/lab030201
# Command line: vivado.exe -gui_launcher_event rodinguilauncherevent8892 E:\lab030201\lab030201.xpr
# Log file: E:/lab030201/vivado.log
# Journal file: E:/lab030201\vivado.jou
#-----------------------------------------------------------
start_gui
open_project E:/lab030201/lab030201.xpr
Scanning sources...
Finished scanning sources
INFO: [IP_Flow 19-234] Refreshing IP repositories
INFO: [IP_Flow 19-1704] No user IP repositories specified
INFO: [IP_Flow 19-2313] Loaded Vivado IP repository 'C:/Xilinx_Vivado/Vivado/2018.3/data/ip'.
open_project: Time (s): cpu = 00:00:13 ; elapsed = 00:00:06 . Memory (MB): peak = 964.523 ; gain = 108.238
update_compile_order -fileset sources_1
exit
INFO: [Common 17-206] Exiting Vivado at Wed May 29 09:28:27 2019...
