#-----------------------------------------------------------
# Vivado v2018.3 (64-bit)
# SW Build 2405991 on Thu Dec  6 23:38:27 MST 2018
# IP Build 2404404 on Fri Dec  7 01:43:56 MST 2018
# Start of session at: Mon Jun 24 10:28:31 2019
# Process ID: 8928
# Current directory: C:/Users/jxlee/Desktop/工程文件/lab3/lab0302
# Command line: vivado.exe -gui_launcher_event rodinguilauncherevent9060 C:\Users\jxlee\Desktop\工程文件\lab3\lab0302\lab030201.xpr
# Log file: C:/Users/jxlee/Desktop/工程文件/lab3/lab0302/vivado.log
# Journal file: C:/Users/jxlee/Desktop/工程文件/lab3/lab0302\vivado.jou
#-----------------------------------------------------------
start_gui
open_project C:/Users/jxlee/Desktop/工程文件/lab3/lab0302/lab030201.xpr
INFO: [Project 1-313] Project file moved from 'E:/lab030201' since last save.
Scanning sources...
Finished scanning sources
INFO: [IP_Flow 19-234] Refreshing IP repositories
INFO: [IP_Flow 19-1704] No user IP repositories specified
INFO: [IP_Flow 19-2313] Loaded Vivado IP repository 'D:/vivado/Vivado/2018.3/data/ip'.
open_project: Time (s): cpu = 00:00:19 ; elapsed = 00:00:14 . Memory (MB): peak = 676.473 ; gain = 89.254
update_compile_order -fileset sources_1
exit
INFO: [Common 17-206] Exiting Vivado at Mon Jun 24 10:48:43 2019...
