#-----------------------------------------------------------
# Vivado v2018.3 (64-bit)
# SW Build 2405991 on Thu Dec  6 23:38:27 MST 2018
# IP Build 2404404 on Fri Dec  7 01:43:56 MST 2018
# Start of session at: Wed Jun 19 09:31:54 2019
# Process ID: 4152
# Current directory: E:/lab0501
# Command line: vivado.exe -gui_launcher_event rodinguilauncherevent4676 E:\lab0501\lab5.xpr
# Log file: E:/lab0501/vivado.log
# Journal file: E:/lab0501\vivado.jou
#-----------------------------------------------------------
start_gui
open_project E:/lab0501/lab5.xpr
Scanning sources...
Finished scanning sources
INFO: [IP_Flow 19-234] Refreshing IP repositories
INFO: [IP_Flow 19-1704] No user IP repositories specified
INFO: [IP_Flow 19-2313] Loaded Vivado IP repository 'C:/Xilinx_Vivado/Vivado/2018.3/data/ip'.
open_project: Time (s): cpu = 00:00:14 ; elapsed = 00:00:06 . Memory (MB): peak = 724.168 ; gain = 100.477
exit
INFO: [Common 17-206] Exiting Vivado at Wed Jun 19 10:15:35 2019...
