#-----------------------------------------------------------
# Vivado v2018.3 (64-bit)
# SW Build 2405991 on Thu Dec  6 23:38:27 MST 2018
# IP Build 2404404 on Fri Dec  7 01:43:56 MST 2018
# Start of session at: Tue Jun 18 21:31:06 2019
# Process ID: 2732
# Current directory: D:/cs145/lab0501
# Command line: vivado.exe -gui_launcher_event rodinguilauncherevent14900 D:\cs145\lab0501\lab5.xpr
# Log file: D:/cs145/lab0501/vivado.log
# Journal file: D:/cs145/lab0501\vivado.jou
#-----------------------------------------------------------
start_gui
open_project D:/cs145/lab0501/lab5.xpr
INFO: [Project 1-313] Project file moved from 'D:/cs145/lab5' since last save.
Scanning sources...
Finished scanning sources
INFO: [IP_Flow 19-234] Refreshing IP repositories
INFO: [IP_Flow 19-1704] No user IP repositories specified
INFO: [IP_Flow 19-2313] Loaded Vivado IP repository 'D:/vivado/Vivado/2018.3/data/ip'.
open_project: Time (s): cpu = 00:00:19 ; elapsed = 00:00:09 . Memory (MB): peak = 715.867 ; gain = 118.965
exit
INFO: [Common 17-206] Exiting Vivado at Tue Jun 18 21:42:18 2019...
