#-----------------------------------------------------------
# Vivado v2018.3 (64-bit)
# SW Build 2405991 on Thu Dec  6 23:38:27 MST 2018
# IP Build 2404404 on Fri Dec  7 01:43:56 MST 2018
# Start of session at: Mon Jun 24 08:25:47 2019
# Process ID: 5256
# Current directory: D:/cs145/对的/lab0501
# Command line: vivado.exe -gui_launcher_event rodinguilauncherevent4920 D:\cs145\对的\lab0501\lab5.xpr
# Log file: D:/cs145/对的/lab0501/vivado.log
# Journal file: D:/cs145/对的/lab0501\vivado.jou
#-----------------------------------------------------------
start_gui
open_project D:/cs145/对的/lab0501/lab5.xpr
INFO: [Project 1-313] Project file moved from 'E:/lab0501' since last save.
Scanning sources...
Finished scanning sources
INFO: [IP_Flow 19-234] Refreshing IP repositories
INFO: [IP_Flow 19-1704] No user IP repositories specified
INFO: [IP_Flow 19-2313] Loaded Vivado IP repository 'D:/vivado/Vivado/2018.3/data/ip'.
open_project: Time (s): cpu = 00:00:27 ; elapsed = 00:00:14 . Memory (MB): peak = 665.844 ; gain = 101.066
launch_simulation
INFO: [Vivado 12-5682] Launching behavioral simulation in 'D:/cs145/对的/lab0501/lab5.sim/sim_1/behav/xsim'
INFO: [SIM-utils-51] Simulation object is 'sim_1'
INFO: [SIM-utils-54] Inspecting design source files for 'assembly' in fileset 'sim_1'...
INFO: [USF-XSim-97] Finding global include files...
INFO: [USF-XSim-100] Fetching design files from 'sources_1'...(this may take a while)...
INFO: [USF-XSim-101] Fetching design files from 'sim_1'...
INFO: [USF-XSim-2] XSim::Compile design
INFO: [USF-XSim-61] Executing 'COMPILE and ANALYZE' step in 'D:/cs145/对的/lab0501/lab5.sim/sim_1/behav/xsim'
"xvlog --incr --relax -prj assembly_vlog.prj"
INFO: [VRFC 10-2263] Analyzing Verilog file "D:/cs145/对的/lab0501/lab5.srcs/sources_1/imports/lab0303/lab0303.srcs/sources_1/new/ALU.v" into library xil_defaultlib
INFO: [VRFC 10-311] analyzing module ALU
INFO: [VRFC 10-2263] Analyzing Verilog file "D:/cs145/对的/lab0501/lab5.srcs/sources_1/new/InstMemory.v" into library xil_defaultlib
INFO: [VRFC 10-311] analyzing module InstMemory
INFO: [VRFC 10-2263] Analyzing Verilog file "D:/cs145/对的/lab0501/lab5.srcs/sources_1/imports/lab030201/lab030201.srcs/sources_1/new/ctr.v" into library xil_defaultlib
INFO: [VRFC 10-311] analyzing module ALUctr
INFO: [VRFC 10-2263] Analyzing Verilog file "D:/cs145/对的/lab0501/lab5.srcs/sources_1/imports/lab0402/lab0402.srcs/sources_1/new/dataMemory.v" into library xil_defaultlib
INFO: [VRFC 10-311] analyzing module dataMemory
INFO: [VRFC 10-2263] Analyzing Verilog file "D:/cs145/对的/lab0501/lab5.srcs/sources_1/imports/lab0401/lab0401.srcs/sources_1/new/registers.v" into library xil_defaultlib
INFO: [VRFC 10-311] analyzing module registers
INFO: [VRFC 10-2263] Analyzing Verilog file "D:/cs145/对的/lab0501/lab5.srcs/sources_1/imports/lab0403/lab0403.srcs/sources_1/new/signext.v" into library xil_defaultlib
INFO: [VRFC 10-311] analyzing module signext
INFO: [VRFC 10-2263] Analyzing Verilog file "D:/cs145/对的/lab0501/lab5.srcs/sources_1/new/Top.v" into library xil_defaultlib
INFO: [VRFC 10-311] analyzing module Top
INFO: [VRFC 10-2263] Analyzing Verilog file "D:/cs145/对的/lab0501/lab5.srcs/sources_1/imports/new/Ctr.v" into library xil_defaultlib
INFO: [VRFC 10-311] analyzing module Ctr
INFO: [VRFC 10-2263] Analyzing Verilog file "D:/cs145/对的/lab0501/lab5.srcs/sources_1/new/Mux.v" into library xil_defaultlib
INFO: [VRFC 10-311] analyzing module Mux_5
INFO: [VRFC 10-311] analyzing module Mux_32
INFO: [VRFC 10-2263] Analyzing Verilog file "D:/cs145/对的/lab0501/lab5.srcs/sim_1/new/assembly.v" into library xil_defaultlib
INFO: [VRFC 10-311] analyzing module assembly
INFO: [VRFC 10-2263] Analyzing Verilog file "D:/cs145/对的/lab0501/lab5.sim/sim_1/behav/xsim/glbl.v" into library xil_defaultlib
INFO: [VRFC 10-311] analyzing module glbl
INFO: [USF-XSim-69] 'compile' step finished in '2' seconds
INFO: [USF-XSim-3] XSim::Elaborate design
INFO: [USF-XSim-61] Executing 'ELABORATE' step in 'D:/cs145/对的/lab0501/lab5.sim/sim_1/behav/xsim'
ERROR: [Common 17-145] codecvt to wstring conversion failed '1'
ERROR: [Common 17-145] codecvt to wstring conversion failed '1'
Vivado Simulator 2018.3
Copyright 1986-1999, 2001-2018 Xilinx, Inc. All Rights Reserved.
Running: D:/vivado/Vivado/2018.3/bin/unwrapped/win64.o/xelab.exe -wto 1369337ea1584077a1a2f6ac373e2f54 --incr --debug typical --relax --mt 2 -L xil_defaultlib -L unisims_ver -L unimacro_ver -L secureip --snapshot assembly_behav xil_defaultlib.assembly xil_defaultlib.glbl -log elaborate.log 
Using 2 slave threads.
Starting static elaboration
Completed static elaboration
Starting simulation data flow analysis
Completed simulation data flow analysis
Time Resolution for simulation is 1ps
Compiling module xil_defaultlib.InstMemory
Compiling module xil_defaultlib.Ctr
Compiling module xil_defaultlib.signext
Compiling module xil_defaultlib.registers
Compiling module xil_defaultlib.ALUctr
Compiling module xil_defaultlib.ALU
Compiling module xil_defaultlib.dataMemory
Compiling module xil_defaultlib.Top
Compiling module xil_defaultlib.assembly
Compiling module xil_defaultlib.glbl
Built simulation snapshot assembly_behav

****** Webtalk v2018.3 (64-bit)
  **** SW Build 2405991 on Thu Dec  6 23:38:27 MST 2018
  **** IP Build 2404404 on Fri Dec  7 01:43:56 MST 2018
    ** Copyright 1986-2018 Xilinx, Inc. All Rights Reserved.

source D:/cs145/对的/lab0501/lab5.sim/sim_1/behav/xsim/xsim.dir/assembly_behav/webtalk/xsim_webtalk.tcl -notrace
INFO: [Common 17-186] 'D:/cs145/对的/lab0501/lab5.sim/sim_1/behav/xsim/xsim.dir/assembly_behav/webtalk/usage_statistics_ext_xsim.xml' has been successfully sent to Xilinx on Mon Jun 24 08:27:27 2019. For additional details about this file, please refer to the WebTalk help file at D:/vivado/Vivado/2018.3/doc/webtalk_introduction.html.
webtalk_transmit: Time (s): cpu = 00:00:00 ; elapsed = 00:00:06 . Memory (MB): peak = 84.461 ; gain = 0.863
INFO: [Common 17-206] Exiting Webtalk at Mon Jun 24 08:27:27 2019...
run_program: Time (s): cpu = 00:00:02 ; elapsed = 00:00:12 . Memory (MB): peak = 669.602 ; gain = 3.758
INFO: [USF-XSim-69] 'elaborate' step finished in '12' seconds
ERROR: [USF-XSim-62] 'elaborate' step failed with error(s) while executing 'D:/cs145/对的/lab0501/lab5.sim/sim_1/behav/xsim/elaborate.bat' script. Please check that the file has the correct 'read/write/execute' permissions and the Tcl console output for any other possible errors or warnings.
ERROR: [Vivado 12-4473] Detected error while running simulation. Please correct the issue and retry this operation.
launch_simulation: Time (s): cpu = 00:00:05 ; elapsed = 00:00:16 . Memory (MB): peak = 670.742 ; gain = 4.898
ERROR: [Common 17-39] 'launch_simulation' failed due to earlier errors.
ERROR: [Common 17-145] codecvt to wstring conversion failed '1'
launch_simulation
INFO: [Vivado 12-5682] Launching behavioral simulation in 'D:/cs145/对的/lab0501/lab5.sim/sim_1/behav/xsim'
INFO: [SIM-utils-51] Simulation object is 'sim_1'
INFO: [SIM-utils-54] Inspecting design source files for 'assembly' in fileset 'sim_1'...
INFO: [USF-XSim-97] Finding global include files...
INFO: [USF-XSim-100] Fetching design files from 'sources_1'...(this may take a while)...
INFO: [USF-XSim-101] Fetching design files from 'sim_1'...
INFO: [USF-XSim-2] XSim::Compile design
INFO: [USF-XSim-61] Executing 'COMPILE and ANALYZE' step in 'D:/cs145/对的/lab0501/lab5.sim/sim_1/behav/xsim'
"xvlog --incr --relax -prj assembly_vlog.prj"
INFO: [VRFC 10-2263] Analyzing Verilog file "D:/cs145/对的/lab0501/lab5.srcs/sources_1/imports/lab0303/lab0303.srcs/sources_1/new/ALU.v" into library xil_defaultlib
INFO: [VRFC 10-311] analyzing module ALU
INFO: [VRFC 10-2263] Analyzing Verilog file "D:/cs145/对的/lab0501/lab5.srcs/sources_1/new/InstMemory.v" into library xil_defaultlib
INFO: [VRFC 10-311] analyzing module InstMemory
INFO: [VRFC 10-2263] Analyzing Verilog file "D:/cs145/对的/lab0501/lab5.srcs/sources_1/imports/lab030201/lab030201.srcs/sources_1/new/ctr.v" into library xil_defaultlib
INFO: [VRFC 10-311] analyzing module ALUctr
INFO: [VRFC 10-2263] Analyzing Verilog file "D:/cs145/对的/lab0501/lab5.srcs/sources_1/imports/lab0402/lab0402.srcs/sources_1/new/dataMemory.v" into library xil_defaultlib
INFO: [VRFC 10-311] analyzing module dataMemory
INFO: [VRFC 10-2263] Analyzing Verilog file "D:/cs145/对的/lab0501/lab5.srcs/sources_1/imports/lab0401/lab0401.srcs/sources_1/new/registers.v" into library xil_defaultlib
INFO: [VRFC 10-311] analyzing module registers
INFO: [VRFC 10-2263] Analyzing Verilog file "D:/cs145/对的/lab0501/lab5.srcs/sources_1/imports/lab0403/lab0403.srcs/sources_1/new/signext.v" into library xil_defaultlib
INFO: [VRFC 10-311] analyzing module signext
INFO: [VRFC 10-2263] Analyzing Verilog file "D:/cs145/对的/lab0501/lab5.srcs/sources_1/new/Top.v" into library xil_defaultlib
INFO: [VRFC 10-311] analyzing module Top
INFO: [VRFC 10-2263] Analyzing Verilog file "D:/cs145/对的/lab0501/lab5.srcs/sources_1/imports/new/Ctr.v" into library xil_defaultlib
INFO: [VRFC 10-311] analyzing module Ctr
INFO: [VRFC 10-2263] Analyzing Verilog file "D:/cs145/对的/lab0501/lab5.srcs/sources_1/new/Mux.v" into library xil_defaultlib
INFO: [VRFC 10-311] analyzing module Mux_5
INFO: [VRFC 10-311] analyzing module Mux_32
INFO: [VRFC 10-2263] Analyzing Verilog file "D:/cs145/对的/lab0501/lab5.srcs/sim_1/new/assembly.v" into library xil_defaultlib
INFO: [VRFC 10-311] analyzing module assembly
INFO: [USF-XSim-69] 'compile' step finished in '2' seconds
INFO: [USF-XSim-3] XSim::Elaborate design
INFO: [USF-XSim-61] Executing 'ELABORATE' step in 'D:/cs145/对的/lab0501/lab5.sim/sim_1/behav/xsim'
Vivado Simulator 2018.3
Copyright 1986-1999, 2001-2018 Xilinx, Inc. All Rights Reserved.
Running: D:/vivado/Vivado/2018.3/bin/unwrapped/win64.o/xelab.exe -wto 1369337ea1584077a1a2f6ac373e2f54 --incr --debug typical --relax --mt 2 -L xil_defaultlib -L unisims_ver -L unimacro_ver -L secureip --snapshot assembly_behav xil_defaultlib.assembly xil_defaultlib.glbl -log elaborate.log 
Using 2 slave threads.
Starting static elaboration
Completed static elaboration
Starting simulation data flow analysis
Completed simulation data flow analysis
Time Resolution for simulation is 1ps
Compiling module xil_defaultlib.InstMemory
Compiling module xil_defaultlib.Ctr
Compiling module xil_defaultlib.signext
Compiling module xil_defaultlib.registers
Compiling module xil_defaultlib.ALUctr
Compiling module xil_defaultlib.ALU
Compiling module xil_defaultlib.dataMemory
Compiling module xil_defaultlib.Top
Compiling module xil_defaultlib.assembly
Compiling module xil_defaultlib.glbl
Built simulation snapshot assembly_behav
INFO: [USF-XSim-69] 'elaborate' step finished in '2' seconds
INFO: [USF-XSim-4] XSim::Simulate design
INFO: [USF-XSim-61] Executing 'SIMULATE' step in 'D:/cs145/对的/lab0501/lab5.sim/sim_1/behav/xsim'
INFO: [USF-XSim-98] *** Running xsim
   with args "assembly_behav -key {Behavioral:sim_1:Functional:assembly} -tclbatch {assembly.tcl} -view {D:/cs145/对的/lab0501/assembly_behav.wcfg} -log {simulate.log}"
INFO: [USF-XSim-8] Loading simulator feature
ERROR: [Common 17-145] codecvt to wstring conversion failed '1'
ERROR: [Common 17-39] 'load_features' failed due to earlier errors.

    while executing
"load_feature simulator"
    (procedure "tclapp::xilinx::xsim::simulate" line 56)
    invoked from within
"tclapp::xilinx::xsim::simulate { -simset sim_1 -mode behavioral -run_dir D:/cs145/对的/lab0501/lab5.sim/sim_1/behav/xsim -int_os_type 64 -int_debug_..."
ERROR: [Vivado 12-4473] Detected error while running simulation. Please correct the issue and retry this operation.
launch_simulation: Time (s): cpu = 00:00:03 ; elapsed = 00:00:06 . Memory (MB): peak = 710.242 ; gain = 0.000
ERROR: [Common 17-39] 'launch_simulation' failed due to earlier errors.
exit
INFO: [Common 17-206] Exiting Vivado at Mon Jun 24 08:34:03 2019...
